#
# A fatal error has been detected by the Java Runtime Environment:
#
#  EXCEPTION_ACCESS_VIOLATION (0xc0000005) at pc=0x00007ffee2366fe1, pid=48236, tid=48760
#
# JRE version: OpenJDK Runtime Environment Corretto-21.0.6.7.1 (21.0.6+7) (build 21.0.6+7-LTS)
# Java VM: OpenJDK 64-Bit Server VM Corretto-21.0.6.7.1 (21.0.6+7-LTS, mixed mode, sharing, tiered, compressed oops, compressed class ptrs, g1 gc, windows-amd64)
# Problematic frame:
# C  [VkLayer_khronos_validation.dll+0x276fe1]
#
# No core dump will be written. Minidumps are not enabled by default on client versions of Windows
#
# If you would like to submit a bug report, please visit:
#   https://github.com/corretto/corretto-21/issues/
# The crash happened outside the Java Virtual Machine in native code.
# See problematic frame for where to report the bug.
#

---------------  S U M M A R Y ------------

Command Line: -Dfile.encoding=UTF-8 -Duser.country=IT -Duser.language=it -Duser.variant it.filippocavallari.cubicworld.MainKt

Host: AMD Ryzen 9 5900X 12-Core Processor            , 24 cores, 31G,  Windows 11 , 64 bit Build 26100 (10.0.26100.4484)
Time: Sat Jul 19 16:28:18 2025 ora legale Europa occidentale elapsed time: 4.119639 seconds (0d 0h 0m 4s)

---------------  T H R E A D  ---------------

Current thread (0x000001ce8bce4ce0):  JavaThread "main"             [_thread_in_native, id=48760, stack(0x0000007c6a900000,0x0000007c6aa00000) (1024K)]

Stack: [0x0000007c6a900000,0x0000007c6aa00000],  sp=0x0000007c6a9fcaa0,  free space=1010k
Native frames: (J=compiled Java code, j=interpreted, Vv=VM code, C=native code)
C  [VkLayer_khronos_validation.dll+0x276fe1]

Java frames: (J=compiled Java code, j=interpreted, Vv=VM code)
j  org.lwjgl.system.JNI.callPV(JIIIIIJ)V+0
j  org.lwjgl.vulkan.VK10.vkCmdDrawIndexed(Lorg/lwjgl/vulkan/VkCommandBuffer;IIIII)V+22
j  org.vulkanb.eng.graph.skybox.SkyboxRenderActivity.recordCommandBuffer(Lorg/vulkanb/eng/graph/vk/CommandBuffer;I)V+253
j  org.vulkanb.eng.graph.Render.render(Lorg/vulkanb/eng/Window;Lorg/vulkanb/eng/scene/Scene;)V+248
j  org.vulkanb.eng.Engine.run()V+162
j  org.vulkanb.eng.Engine.start()V+6
j  it.filippocavallari.cubicworld.CubicWorldEngine.start()V+33
j  it.filippocavallari.cubicworld.MainKt.main()V+22
j  it.filippocavallari.cubicworld.MainKt.main([Ljava/lang/String;)V+0
v  ~StubRoutines::call_stub 0x000001ce9d41100d

siginfo: EXCEPTION_ACCESS_VIOLATION (0xc0000005), reading address 0x0000000000000018


Registers:
RAX=0x000004fdbc3d8000, RBX=0x000004fdbc59da90, RCX=0x0000000000000001, RDX=0x0000000000000000
RSP=0x0000007c6a9fcaa0, RBP=0x0000007c6a9fcba0, RSI=0x00007ffee2a07810, RDI=0x000004fdbc3a5cd0
R8 =0x0000000000000004, R9 =0x0000000000000000, R10=0x0000000000000000, R11=0x000004fdbc3a5cd0
R12=0x000004fdbc580c90, R13=0x0000000000000000, R14=0x000004fdbc4e8000, R15=0x000004fdbc5b0c10
RIP=0x00007ffee2366fe1, EFLAGS=0x0000000000010246

XMM[0]=0x00007ffee2a08a90 0x00007ffee2a08958
XMM[1]=0x00007ffee2a08a30 0x00007ffee2a08a60
XMM[2]=0x0000000000000000 0x0000000000000000
XMM[3]=0x0000000000000000 0x0000000000000000
XMM[4]=0x0000000000000000 0x0000000000000000
XMM[5]=0x0000000000000000 0x0000000000000000
XMM[6]=0xbd395a5a3ed837de 0xbd395a5a3ed837de
XMM[7]=0x3eff4b8d216d4950 0x3ea80eada7dac5c8
XMM[8]=0x0000000000000000 0xe23258117ad63e18
XMM[9]=0x0000000000000000 0x710ef259d11f3c4d
XMM[10]=0x0000000000000000 0x00000000601049f4
XMM[11]=0x0000000000000000 0x188d9390e9accfdd
XMM[12]=0x0000000000000000 0x00000000d11f3c4d
XMM[13]=0x0000000000000000 0x00000000ffffffff
XMM[14]=0x0000000000000000 0x0000000000000047
XMM[15]=0x0000000000000000 0x0000000000000001
  MXCSR=0x00001fa2


Register to memory mapping:

RAX=0x000004fdbc3d8000 points into unknown readable memory: 0x000004fd00000017 | 17 00 00 00 fd 04 00 00
RBX=0x000004fdbc59da90 points into unknown readable memory: 0x00007ffee29bfa18 | 18 fa 9b e2 fe 7f 00 00
RCX=0x0000000000000001 is an unknown value
RDX=0x0 is null
RSP=0x0000007c6a9fcaa0 is pointing into the stack for thread: 0x000001ce8bce4ce0
RBP=0x0000007c6a9fcba0 is pointing into the stack for thread: 0x000001ce8bce4ce0
RSI=0x00007ffee2a07810 VkLayer_khronos_validation.dll
RDI=0x000004fdbc3a5cd0 points into unknown readable memory: 0x000004fdbc580c90 | 90 0c 58 bc fd 04 00 00
R8 =0x0000000000000004 is an unknown value
R9 =0x0 is null
R10=0x0 is null
R11=0x000004fdbc3a5cd0 points into unknown readable memory: 0x000004fdbc580c90 | 90 0c 58 bc fd 04 00 00
R12=0x000004fdbc580c90 points into unknown readable memory: 0x00007ffee2af9028 | 28 90 af e2 fe 7f 00 00
R13=0x0 is null
R14=0x000004fdbc4e8000 points into unknown readable memory: 0x00007ffee2a8e380 | 80 e3 a8 e2 fe 7f 00 00
R15=0x000004fdbc5b0c10 points into unknown readable memory: 0x00007ffee2a6dd78 | 78 dd a6 e2 fe 7f 00 00

Top of Stack: (sp=0x0000007c6a9fcaa0)
0x0000007c6a9fcaa0:   0000000000000000 0000000000000001
0x0000007c6a9fcab0:   000001cef5f633b8 0000000000000001
0x0000007c6a9fcac0:   0000000000000000 000001cef5f61848
0x0000007c6a9fcad0:   0000000000000000 000001cef5f61c80
0x0000007c6a9fcae0:   000001ce8bce4ce0 000000000000044c
0x0000007c6a9fcaf0:   000001ce8bd9af70 0000000000000000
0x0000007c6a9fcb00:   000001ce8bd9af70 000001ce8bce5340
0x0000007c6a9fcb10:   000001ce8bce5300 00007ffee2a42a68
0x0000007c6a9fcb20:   0000000000000000 000000000000000c
0x0000007c6a9fcb30:   0000000000000000 0000000000000000
0x0000007c6a9fcb40:   000004fdbc580c90 000001ce00000001
0x0000007c6a9fcb50:   000004fdbc3d8000 000004fd00000000
0x0000007c6a9fcb60:   000000000000000c 0000000000000000
0x0000007c6a9fcb70:   00006c01a24a8b96 00007fff18694e80
0x0000007c6a9fcb80:   0000000000000148 000001ce9d45f106
0x0000007c6a9fcb90:   000001ce8bcd4550 0000000000000001
0x0000007c6a9fcba0:   00000000000000d8 0000007c6a9fda40
0x0000007c6a9fcbb0:   000000000220027f 0000000000000000
0x0000007c6a9fcbc0:   0000000000000000 0002ffff00001fa2
0x0000007c6a9fcbd0:   0000000000000000 0000000000000000
0x0000007c6a9fcbe0:   0000000000000000 0000000000000000
0x0000007c6a9fcbf0:   0000000000000000 0000000000000000
0x0000007c6a9fcc00:   0000000000000000 0000000000000000
0x0000007c6a9fcc10:   0000000000000000 0000000000000000
0x0000007c6a9fcc20:   0000000000000000 0000000000000000
0x0000007c6a9fcc30:   85a88b3ec43ce37a 000000000000bffc
0x0000007c6a9fcc40:   fdcf558dbb1b1fae 0000000000003ffe
0x0000007c6a9fcc50:   000000003f800000 0000000000000000
0x0000007c6a9fcc60:   0000000000000000 0000000000000000
0x0000007c6a9fcc70:   0000000000000000 0000000000000000
0x0000007c6a9fcc80:   0000000000000000 0000000000000000
0x0000007c6a9fcc90:   0000000000000000 0000000000000000 

Instructions: (pc=0x00007ffee2366fe1)
0x00007ffee2366ee1:   78 48 89 74 24 20 4c 8d 0d e2 ff 6c 00 4c 8d 85
0x00007ffee2366ef1:   f0 09 00 00 48 8d 95 e0 13 00 00 49 8b ce e8 7c
0x00007ffee2366f01:   07 f4 ff 44 0a e8 44 88 6c 24 70 48 8d 8d f0 09
0x00007ffee2366f11:   00 00 e8 88 21 f3 ff 90 48 8d 8d e0 13 00 00 e8
0x00007ffee2366f21:   7b 13 f3 ff e9 7d fc ff ff 49 8d 92 80 00 00 00
0x00007ffee2366f31:   48 8d 8d 40 01 00 00 e8 13 d0 2a 00 90 48 8b 8d
0x00007ffee2366f41:   70 01 00 00 48 85 c9 74 30 48 8d 59 f8 4c 8d 0d
0x00007ffee2366f51:   db 41 2a 00 4c 8b 03 ba 48 00 00 00 e8 76 7a 52
0x00007ffee2366f61:   00 48 8b 03 48 8d 14 c0 48 8d 14 d5 08 00 00 00
0x00007ffee2366f71:   48 8b cb e8 e7 dc 3e 00 90 48 8b 9d 78 01 00 00
0x00007ffee2366f81:   48 85 db 74 1c 48 8b 4b 08 48 85 c9 74 06 e8 dc
0x00007ffee2366f91:   ad 2b 00 90 ba 48 00 00 00 48 8b cb e8 be dc 3e
0x00007ffee2366fa1:   00 48 8b 9d 80 01 00 00 48 85 db 74 1c 48 8b 4b
0x00007ffee2366fb1:   08 48 85 c9 74 06 e8 b4 ad 2b 00 90 ba 48 00 00
0x00007ffee2366fc1:   00 48 8b cb e8 96 dc 3e 00 48 8b 8d 48 01 00 00
0x00007ffee2366fd1:   48 85 c9 74 06 e8 95 ad 2b 00 90 e9 c1 fb ff ff
0x00007ffee2366fe1:   4c 8b 0c 25 18 00 00 00 4d 8b 44 24 18 49 8b 57
0x00007ffee2366ff1:   18 48 8d 8d 30 14 00 00 e8 b2 0d 00 00 90 48 c7
0x00007ffee2367001:   85 10 0a 00 00 00 00 00 00 66 0f 6f 05 de 85 93
0x00007ffee2367011:   00 f3 0f 7f 85 20 0a 00 00 c6 85 10 0a 00 00 00
0x00007ffee2367021:   41 b8 36 00 00 00 48 8d 15 ea 26 66 00 48 8d 8d
0x00007ffee2367031:   10 0a 00 00 e8 06 22 f3 ff 90 48 8b 74 24 78 48
0x00007ffee2367041:   89 74 24 20 4c 8d 0d 3c ff 6c 00 4c 8d 85 10 0a
0x00007ffee2367051:   00 00 48 8d 95 30 14 00 00 49 8b ce e8 1e 06 f4
0x00007ffee2367061:   ff 44 0a e8 44 88 6c 24 70 48 8d 8d 10 0a 00 00
0x00007ffee2367071:   e8 2a 20 f3 ff 90 48 8d 8d 30 14 00 00 e8 1d 12
0x00007ffee2367081:   f3 ff e9 1f fb ff ff 49 8b 84 24 78 01 00 00 48
0x00007ffee2367091:   85 c0 74 0d 48 8b 48 08 48 85 c9 0f 85 47 fb ff
0x00007ffee23670a1:   ff 49 8b 84 24 68 01 00 00 48 85 c0 74 20 48 8b
0x00007ffee23670b1:   48 28 48 85 c9 74 17 48 8b 58 30 48 85 db 74 2c
0x00007ffee23670c1:   f0 ff 43 08 48 8b 48 28 48 8b 58 30 eb 1e 49 8b
0x00007ffee23670d1:   9c 24 80 00 00 00 48 85 db 74 0c f0 ff 43 08 49 


Stack slot to memory mapping:

stack at sp + 0 slots: 0x0 is null
stack at sp + 1 slots: 0x0000000000000001 is an unknown value
stack at sp + 2 slots: 0x000001cef5f633b8 is pointing into metadata
stack at sp + 3 slots: 0x0000000000000001 is an unknown value
stack at sp + 4 slots: 0x0 is null
stack at sp + 5 slots: {method} {0x000001cef5f61850} 'accept' '(Ljava/lang/Object;)V' in 'org/vulkanb/eng/graph/skybox/SkyboxRenderActivity$$Lambda+0x000001ceb5136d60'
stack at sp + 6 slots: 0x0 is null
stack at sp + 7 slots: {method} {0x000001cef5f61c88} 'accept' '(Ljava/lang/Object;)V' in 'org/vulkanb/eng/graph/skybox/SkyboxRenderActivity$$Lambda+0x000001ceb5136f80'


---------------  P R O C E S S  ---------------

Threads class SMR info:
_java_thread_list=0x000001cf235f9b30, length=17, elements={
0x000001ce8bce4ce0, 0x000001ceb3b5a890, 0x000001ceb3b5c000, 0x000001ceb3b5fc40,
0x000001ceb3b60b70, 0x000001ceb3b63000, 0x000001ceb3b63b80, 0x000001ceb3b66470,
0x000001ceb3b796c0, 0x000001ceb3c4f780, 0x000001ceb3d3e7b0, 0x000001ceb3d44ba0,
0x000001cef97f29f0, 0x000001cefa5b9820, 0x000001ce89ce59f0, 0x000001ce89d89b40,
0x000001cf238fcb90
}

Java Threads: ( => current thread )
=>0x000001ce8bce4ce0 JavaThread "main"                              [_thread_in_native, id=48760, stack(0x0000007c6a900000,0x0000007c6aa00000) (1024K)]
  0x000001ceb3b5a890 JavaThread "Reference Handler"          daemon [_thread_blocked, id=31616, stack(0x0000007c6b100000,0x0000007c6b200000) (1024K)]
  0x000001ceb3b5c000 JavaThread "Finalizer"                  daemon [_thread_blocked, id=48640, stack(0x0000007c6b200000,0x0000007c6b300000) (1024K)]
  0x000001ceb3b5fc40 JavaThread "Signal Dispatcher"          daemon [_thread_blocked, id=49684, stack(0x0000007c6b300000,0x0000007c6b400000) (1024K)]
  0x000001ceb3b60b70 JavaThread "Attach Listener"            daemon [_thread_blocked, id=46348, stack(0x0000007c6b400000,0x0000007c6b500000) (1024K)]
  0x000001ceb3b63000 JavaThread "Service Thread"             daemon [_thread_blocked, id=4568, stack(0x0000007c6b500000,0x0000007c6b600000) (1024K)]
  0x000001ceb3b63b80 JavaThread "Monitor Deflation Thread"   daemon [_thread_blocked, id=23816, stack(0x0000007c6b600000,0x0000007c6b700000) (1024K)]
  0x000001ceb3b66470 JavaThread "C2 CompilerThread0"         daemon [_thread_blocked, id=2444, stack(0x0000007c6b700000,0x0000007c6b800000) (1024K)]
  0x000001ceb3b796c0 JavaThread "C1 CompilerThread0"         daemon [_thread_blocked, id=45432, stack(0x0000007c6b800000,0x0000007c6b900000) (1024K)]
  0x000001ceb3c4f780 JavaThread "C1 CompilerThread1"         daemon [_thread_blocked, id=45292, stack(0x0000007c6b900000,0x0000007c6ba00000) (1024K)]
  0x000001ceb3d3e7b0 JavaThread "Notification Thread"        daemon [_thread_blocked, id=50140, stack(0x0000007c6ba00000,0x0000007c6bb00000) (1024K)]
  0x000001ceb3d44ba0 JavaThread "Common-Cleaner"             daemon [_thread_blocked, id=48824, stack(0x0000007c6bb00000,0x0000007c6bc00000) (1024K)]
  0x000001cef97f29f0 JavaThread "C1 CompilerThread2"         daemon [_thread_blocked, id=26400, stack(0x0000007c6bc00000,0x0000007c6bd00000) (1024K)]
  0x000001cefa5b9820 JavaThread "C1 CompilerThread3"         daemon [_thread_blocked, id=13560, stack(0x0000007c6bd00000,0x0000007c6be00000) (1024K)]
  0x000001ce89ce59f0 JavaThread "Java2D Disposer"            daemon [_thread_blocked, id=32740, stack(0x0000007c6e000000,0x0000007c6e100000) (1024K)]
  0x000001ce89d89b40 JavaThread "C2 CompilerThread1"         daemon [_thread_blocked, id=47192, stack(0x0000007c6e100000,0x0000007c6e200000) (1024K)]
  0x000001cf238fcb90 JavaThread "C2 CompilerThread2"         daemon [_thread_blocked, id=49928, stack(0x0000007c6e200000,0x0000007c6e300000) (1024K)]
Total: 17

Other Threads:
  0x000001ceb0788700 VMThread "VM Thread"                           [id=47256, stack(0x0000007c6b000000,0x0000007c6b100000) (1024K)]
  0x000001ceb3b50090 WatcherThread "VM Periodic Task Thread"        [id=42252, stack(0x0000007c6af00000,0x0000007c6b000000) (1024K)]
  0x000001ce8d85a300 WorkerThread "GC Thread#0"                     [id=46132, stack(0x0000007c6aa00000,0x0000007c6ab00000) (1024K)]
  0x000001ce8344e750 WorkerThread "GC Thread#1"                     [id=11240, stack(0x0000007c6c200000,0x0000007c6c300000) (1024K)]
  0x000001ce8344d8d0 WorkerThread "GC Thread#2"                     [id=48020, stack(0x0000007c6d500000,0x0000007c6d600000) (1024K)]
  0x000001ce8344dc70 WorkerThread "GC Thread#3"                     [id=49848, stack(0x0000007c6d600000,0x0000007c6d700000) (1024K)]
  0x000001ce8344e010 WorkerThread "GC Thread#4"                     [id=29328, stack(0x0000007c6d700000,0x0000007c6d800000) (1024K)]
  0x000001ce89e0ff70 WorkerThread "GC Thread#5"                     [id=49196, stack(0x0000007c6d800000,0x0000007c6d900000) (1024K)]
  0x000001ce89e106b0 WorkerThread "GC Thread#6"                     [id=41996, stack(0x0000007c6d900000,0x0000007c6da00000) (1024K)]
  0x000001ce89e11190 WorkerThread "GC Thread#7"                     [id=15532, stack(0x0000007c6da00000,0x0000007c6db00000) (1024K)]
  0x000001ce89e0f830 WorkerThread "GC Thread#8"                     [id=44680, stack(0x0000007c6db00000,0x0000007c6dc00000) (1024K)]
  0x000001ce89e0e610 WorkerThread "GC Thread#9"                     [id=24184, stack(0x0000007c6dc00000,0x0000007c6dd00000) (1024K)]
  0x000001ce89e0e270 WorkerThread "GC Thread#10"                    [id=49508, stack(0x0000007c6dd00000,0x0000007c6de00000) (1024K)]
  0x000001ce89e118d0 WorkerThread "GC Thread#11"                    [id=29456, stack(0x0000007c6de00000,0x0000007c6df00000) (1024K)]
  0x000001ce8d85b2b0 ConcurrentGCThread "G1 Main Marker"            [id=36992, stack(0x0000007c6ab00000,0x0000007c6ac00000) (1024K)]
  0x000001ce8d85d560 WorkerThread "G1 Conc#0"                       [id=27356, stack(0x0000007c6ac00000,0x0000007c6ad00000) (1024K)]
  0x000001ceb06b6410 ConcurrentGCThread "G1 Refine#0"               [id=3956, stack(0x0000007c6ad00000,0x0000007c6ae00000) (1024K)]
  0x000001ceb06b7e30 ConcurrentGCThread "G1 Service"                [id=46008, stack(0x0000007c6ae00000,0x0000007c6af00000) (1024K)]
Total: 18

Threads with active compile tasks:
Total: 0

VM state: not at safepoint (normal execution)

VM Mutex/Monitor currently owned by a thread: None

Heap address: 0x0000000601400000, size: 8172 MB, Compressed Oops mode: Zero based, Oop shift amount: 3

CDS archive(s) mapped at: [0x000001ceb4000000-0x000001ceb4c80000-0x000001ceb4c80000), size 13107200, SharedBaseAddress: 0x000001ceb4000000, ArchiveRelocationMode: 1.
Compressed class space mapped at: 0x000001ceb5000000-0x000001cef5000000, reserved size: 1073741824
Narrow klass base: 0x000001ceb4000000, Narrow klass shift: 0, Narrow klass range: 0x100000000

GC Precious Log:
 CardTable entry size: 512
 Card Set container configuration: InlinePtr #cards 4 size 8 Array Of Cards #cards 32 size 80 Howl #buckets 8 coarsen threshold 7372 Howl Bitmap #cards 1024 size 144 coarsen threshold 921 Card regions per heap region 1 cards per card region 8192
 CPUs: 24 total, 24 available
 Memory: 32678M
 Large Page Support: Disabled
 NUMA Support: Disabled
 Compressed Oops: Enabled (Zero based)
 Heap Region Size: 4M
 Heap Min Capacity: 8M
 Heap Initial Capacity: 512M
 Heap Max Capacity: 8172M
 Pre-touch: Disabled
 Parallel Workers: 18
 Concurrent Workers: 5
 Concurrent Refinement Workers: 18
 Periodic GC: Disabled

Heap:
 garbage-first heap   total 524288K, used 180575K [0x0000000601400000, 0x0000000800000000)
  region size 4096K, 40 young (163840K), 1 survivors (4096K)
 Metaspace       used 16744K, committed 17216K, reserved 1114112K
  class space    used 1122K, committed 1344K, reserved 1048576K

Heap Regions: E=young(eden), S=young(survivor), O=old, HS=humongous(starts), HC=humongous(continues), CS=collection set, F=free, TAMS=top-at-mark-start, PB=parsable bottom
|   0|0x0000000601400000, 0x0000000601800000, 0x0000000601800000|100%|HS|  |TAMS 0x0000000601400000| PB 0x0000000601400000| Complete 
|   1|0x0000000601800000, 0x0000000601c00000, 0x0000000601c00000|100%|HC|  |TAMS 0x0000000601800000| PB 0x0000000601800000| Complete 
|   2|0x0000000601c00000, 0x0000000602000000, 0x0000000602000000|100%|HS|  |TAMS 0x0000000601c00000| PB 0x0000000601c00000| Complete 
|   3|0x0000000602000000, 0x0000000602400000, 0x0000000602400000|100%|HC|  |TAMS 0x0000000602000000| PB 0x0000000602000000| Complete 
|   4|0x0000000602400000, 0x0000000602800000, 0x0000000602800000|100%|HS|  |TAMS 0x0000000602400000| PB 0x0000000602400000| Complete 
|   5|0x0000000602800000, 0x0000000602c00000, 0x0000000602c00000|100%|HC|  |TAMS 0x0000000602800000| PB 0x0000000602800000| Complete 
|   6|0x0000000602c00000, 0x0000000602f936b8, 0x0000000603000000| 89%| O|  |TAMS 0x0000000602c00000| PB 0x0000000602c00000| Untracked 
|   7|0x0000000603000000, 0x0000000603000000, 0x0000000603400000|  0%| F|  |TAMS 0x0000000603000000| PB 0x0000000603000000| Untracked 
|   8|0x0000000603400000, 0x0000000603400000, 0x0000000603800000|  0%| F|  |TAMS 0x0000000603400000| PB 0x0000000603400000| Untracked 
|   9|0x0000000603800000, 0x0000000603800000, 0x0000000603c00000|  0%| F|  |TAMS 0x0000000603800000| PB 0x0000000603800000| Untracked 
|  10|0x0000000603c00000, 0x0000000603c00000, 0x0000000604000000|  0%| F|  |TAMS 0x0000000603c00000| PB 0x0000000603c00000| Untracked 
|  11|0x0000000604000000, 0x0000000604000000, 0x0000000604400000|  0%| F|  |TAMS 0x0000000604000000| PB 0x0000000604000000| Untracked 
|  12|0x0000000604400000, 0x0000000604400000, 0x0000000604800000|  0%| F|  |TAMS 0x0000000604400000| PB 0x0000000604400000| Untracked 
|  13|0x0000000604800000, 0x0000000604800000, 0x0000000604c00000|  0%| F|  |TAMS 0x0000000604800000| PB 0x0000000604800000| Untracked 
|  14|0x0000000604c00000, 0x0000000604c00000, 0x0000000605000000|  0%| F|  |TAMS 0x0000000604c00000| PB 0x0000000604c00000| Untracked 
|  15|0x0000000605000000, 0x0000000605000000, 0x0000000605400000|  0%| F|  |TAMS 0x0000000605000000| PB 0x0000000605000000| Untracked 
|  16|0x0000000605400000, 0x0000000605400000, 0x0000000605800000|  0%| F|  |TAMS 0x0000000605400000| PB 0x0000000605400000| Untracked 
|  17|0x0000000605800000, 0x0000000605800000, 0x0000000605c00000|  0%| F|  |TAMS 0x0000000605800000| PB 0x0000000605800000| Untracked 
|  18|0x0000000605c00000, 0x0000000605c00000, 0x0000000606000000|  0%| F|  |TAMS 0x0000000605c00000| PB 0x0000000605c00000| Untracked 
|  19|0x0000000606000000, 0x0000000606000000, 0x0000000606400000|  0%| F|  |TAMS 0x0000000606000000| PB 0x0000000606000000| Untracked 
|  20|0x0000000606400000, 0x0000000606400000, 0x0000000606800000|  0%| F|  |TAMS 0x0000000606400000| PB 0x0000000606400000| Untracked 
|  21|0x0000000606800000, 0x0000000606800000, 0x0000000606c00000|  0%| F|  |TAMS 0x0000000606800000| PB 0x0000000606800000| Untracked 
|  22|0x0000000606c00000, 0x0000000606c00000, 0x0000000607000000|  0%| F|  |TAMS 0x0000000606c00000| PB 0x0000000606c00000| Untracked 
|  23|0x0000000607000000, 0x0000000607000000, 0x0000000607400000|  0%| F|  |TAMS 0x0000000607000000| PB 0x0000000607000000| Untracked 
|  24|0x0000000607400000, 0x0000000607400000, 0x0000000607800000|  0%| F|  |TAMS 0x0000000607400000| PB 0x0000000607400000| Untracked 
|  25|0x0000000607800000, 0x0000000607800000, 0x0000000607c00000|  0%| F|  |TAMS 0x0000000607800000| PB 0x0000000607800000| Untracked 
|  26|0x0000000607c00000, 0x0000000607c00000, 0x0000000608000000|  0%| F|  |TAMS 0x0000000607c00000| PB 0x0000000607c00000| Untracked 
|  27|0x0000000608000000, 0x0000000608000000, 0x0000000608400000|  0%| F|  |TAMS 0x0000000608000000| PB 0x0000000608000000| Untracked 
|  28|0x0000000608400000, 0x0000000608400000, 0x0000000608800000|  0%| F|  |TAMS 0x0000000608400000| PB 0x0000000608400000| Untracked 
|  29|0x0000000608800000, 0x0000000608800000, 0x0000000608c00000|  0%| F|  |TAMS 0x0000000608800000| PB 0x0000000608800000| Untracked 
|  30|0x0000000608c00000, 0x0000000608c00000, 0x0000000609000000|  0%| F|  |TAMS 0x0000000608c00000| PB 0x0000000608c00000| Untracked 
|  31|0x0000000609000000, 0x0000000609000000, 0x0000000609400000|  0%| F|  |TAMS 0x0000000609000000| PB 0x0000000609000000| Untracked 
|  32|0x0000000609400000, 0x0000000609400000, 0x0000000609800000|  0%| F|  |TAMS 0x0000000609400000| PB 0x0000000609400000| Untracked 
|  33|0x0000000609800000, 0x0000000609800000, 0x0000000609c00000|  0%| F|  |TAMS 0x0000000609800000| PB 0x0000000609800000| Untracked 
|  34|0x0000000609c00000, 0x0000000609c00000, 0x000000060a000000|  0%| F|  |TAMS 0x0000000609c00000| PB 0x0000000609c00000| Untracked 
|  35|0x000000060a000000, 0x000000060a000000, 0x000000060a400000|  0%| F|  |TAMS 0x000000060a000000| PB 0x000000060a000000| Untracked 
|  36|0x000000060a400000, 0x000000060a400000, 0x000000060a800000|  0%| F|  |TAMS 0x000000060a400000| PB 0x000000060a400000| Untracked 
|  37|0x000000060a800000, 0x000000060a800000, 0x000000060ac00000|  0%| F|  |TAMS 0x000000060a800000| PB 0x000000060a800000| Untracked 
|  38|0x000000060ac00000, 0x000000060ac00000, 0x000000060b000000|  0%| F|  |TAMS 0x000000060ac00000| PB 0x000000060ac00000| Untracked 
|  39|0x000000060b000000, 0x000000060b000000, 0x000000060b400000|  0%| F|  |TAMS 0x000000060b000000| PB 0x000000060b000000| Untracked 
|  40|0x000000060b400000, 0x000000060b400000, 0x000000060b800000|  0%| F|  |TAMS 0x000000060b400000| PB 0x000000060b400000| Untracked 
|  41|0x000000060b800000, 0x000000060b800000, 0x000000060bc00000|  0%| F|  |TAMS 0x000000060b800000| PB 0x000000060b800000| Untracked 
|  42|0x000000060bc00000, 0x000000060bc00000, 0x000000060c000000|  0%| F|  |TAMS 0x000000060bc00000| PB 0x000000060bc00000| Untracked 
|  43|0x000000060c000000, 0x000000060c000000, 0x000000060c400000|  0%| F|  |TAMS 0x000000060c000000| PB 0x000000060c000000| Untracked 
|  44|0x000000060c400000, 0x000000060c400000, 0x000000060c800000|  0%| F|  |TAMS 0x000000060c400000| PB 0x000000060c400000| Untracked 
|  45|0x000000060c800000, 0x000000060c800000, 0x000000060cc00000|  0%| F|  |TAMS 0x000000060c800000| PB 0x000000060c800000| Untracked 
|  46|0x000000060cc00000, 0x000000060cc00000, 0x000000060d000000|  0%| F|  |TAMS 0x000000060cc00000| PB 0x000000060cc00000| Untracked 
|  47|0x000000060d000000, 0x000000060d000000, 0x000000060d400000|  0%| F|  |TAMS 0x000000060d000000| PB 0x000000060d000000| Untracked 
|  48|0x000000060d400000, 0x000000060d400000, 0x000000060d800000|  0%| F|  |TAMS 0x000000060d400000| PB 0x000000060d400000| Untracked 
|  49|0x000000060d800000, 0x000000060d800000, 0x000000060dc00000|  0%| F|  |TAMS 0x000000060d800000| PB 0x000000060d800000| Untracked 
|  50|0x000000060dc00000, 0x000000060dc00000, 0x000000060e000000|  0%| F|  |TAMS 0x000000060dc00000| PB 0x000000060dc00000| Untracked 
|  51|0x000000060e000000, 0x000000060e000000, 0x000000060e400000|  0%| F|  |TAMS 0x000000060e000000| PB 0x000000060e000000| Untracked 
|  52|0x000000060e400000, 0x000000060e400000, 0x000000060e800000|  0%| F|  |TAMS 0x000000060e400000| PB 0x000000060e400000| Untracked 
|  53|0x000000060e800000, 0x000000060e800000, 0x000000060ec00000|  0%| F|  |TAMS 0x000000060e800000| PB 0x000000060e800000| Untracked 
|  54|0x000000060ec00000, 0x000000060ec00000, 0x000000060f000000|  0%| F|  |TAMS 0x000000060ec00000| PB 0x000000060ec00000| Untracked 
|  55|0x000000060f000000, 0x000000060f000000, 0x000000060f400000|  0%| F|  |TAMS 0x000000060f000000| PB 0x000000060f000000| Untracked 
|  56|0x000000060f400000, 0x000000060f400000, 0x000000060f800000|  0%| F|  |TAMS 0x000000060f400000| PB 0x000000060f400000| Untracked 
|  57|0x000000060f800000, 0x000000060f800000, 0x000000060fc00000|  0%| F|  |TAMS 0x000000060f800000| PB 0x000000060f800000| Untracked 
|  58|0x000000060fc00000, 0x000000060fc00000, 0x0000000610000000|  0%| F|  |TAMS 0x000000060fc00000| PB 0x000000060fc00000| Untracked 
|  59|0x0000000610000000, 0x0000000610000000, 0x0000000610400000|  0%| F|  |TAMS 0x0000000610000000| PB 0x0000000610000000| Untracked 
|  60|0x0000000610400000, 0x0000000610400000, 0x0000000610800000|  0%| F|  |TAMS 0x0000000610400000| PB 0x0000000610400000| Untracked 
|  61|0x0000000610800000, 0x0000000610800000, 0x0000000610c00000|  0%| F|  |TAMS 0x0000000610800000| PB 0x0000000610800000| Untracked 
|  62|0x0000000610c00000, 0x0000000610c00000, 0x0000000611000000|  0%| F|  |TAMS 0x0000000610c00000| PB 0x0000000610c00000| Untracked 
|  63|0x0000000611000000, 0x0000000611000000, 0x0000000611400000|  0%| F|  |TAMS 0x0000000611000000| PB 0x0000000611000000| Untracked 
|  64|0x0000000611400000, 0x0000000611400000, 0x0000000611800000|  0%| F|  |TAMS 0x0000000611400000| PB 0x0000000611400000| Untracked 
|  65|0x0000000611800000, 0x0000000611800000, 0x0000000611c00000|  0%| F|  |TAMS 0x0000000611800000| PB 0x0000000611800000| Untracked 
|  66|0x0000000611c00000, 0x0000000611c00000, 0x0000000612000000|  0%| F|  |TAMS 0x0000000611c00000| PB 0x0000000611c00000| Untracked 
|  67|0x0000000612000000, 0x0000000612000000, 0x0000000612400000|  0%| F|  |TAMS 0x0000000612000000| PB 0x0000000612000000| Untracked 
|  68|0x0000000612400000, 0x0000000612400000, 0x0000000612800000|  0%| F|  |TAMS 0x0000000612400000| PB 0x0000000612400000| Untracked 
|  69|0x0000000612800000, 0x0000000612800000, 0x0000000612c00000|  0%| F|  |TAMS 0x0000000612800000| PB 0x0000000612800000| Untracked 
|  70|0x0000000612c00000, 0x0000000612c00000, 0x0000000613000000|  0%| F|  |TAMS 0x0000000612c00000| PB 0x0000000612c00000| Untracked 
|  71|0x0000000613000000, 0x0000000613000000, 0x0000000613400000|  0%| F|  |TAMS 0x0000000613000000| PB 0x0000000613000000| Untracked 
|  72|0x0000000613400000, 0x0000000613400000, 0x0000000613800000|  0%| F|  |TAMS 0x0000000613400000| PB 0x0000000613400000| Untracked 
|  73|0x0000000613800000, 0x0000000613800000, 0x0000000613c00000|  0%| F|  |TAMS 0x0000000613800000| PB 0x0000000613800000| Untracked 
|  74|0x0000000613c00000, 0x0000000613c00000, 0x0000000614000000|  0%| F|  |TAMS 0x0000000613c00000| PB 0x0000000613c00000| Untracked 
|  75|0x0000000614000000, 0x0000000614000000, 0x0000000614400000|  0%| F|  |TAMS 0x0000000614000000| PB 0x0000000614000000| Untracked 
|  76|0x0000000614400000, 0x0000000614400000, 0x0000000614800000|  0%| F|  |TAMS 0x0000000614400000| PB 0x0000000614400000| Untracked 
|  77|0x0000000614800000, 0x0000000614800000, 0x0000000614c00000|  0%| F|  |TAMS 0x0000000614800000| PB 0x0000000614800000| Untracked 
|  78|0x0000000614c00000, 0x0000000614c00000, 0x0000000615000000|  0%| F|  |TAMS 0x0000000614c00000| PB 0x0000000614c00000| Untracked 
|  79|0x0000000615000000, 0x0000000615000000, 0x0000000615400000|  0%| F|  |TAMS 0x0000000615000000| PB 0x0000000615000000| Untracked 
|  80|0x0000000615400000, 0x0000000615400000, 0x0000000615800000|  0%| F|  |TAMS 0x0000000615400000| PB 0x0000000615400000| Untracked 
|  81|0x0000000615800000, 0x0000000615800000, 0x0000000615c00000|  0%| F|  |TAMS 0x0000000615800000| PB 0x0000000615800000| Untracked 
|  82|0x0000000615c00000, 0x0000000615c00000, 0x0000000616000000|  0%| F|  |TAMS 0x0000000615c00000| PB 0x0000000615c00000| Untracked 
|  83|0x0000000616000000, 0x0000000616000000, 0x0000000616400000|  0%| F|  |TAMS 0x0000000616000000| PB 0x0000000616000000| Untracked 
|  84|0x0000000616400000, 0x0000000616400000, 0x0000000616800000|  0%| F|  |TAMS 0x0000000616400000| PB 0x0000000616400000| Untracked 
|  85|0x0000000616800000, 0x0000000616800000, 0x0000000616c00000|  0%| F|  |TAMS 0x0000000616800000| PB 0x0000000616800000| Untracked 
|  86|0x0000000616c00000, 0x0000000616c00000, 0x0000000617000000|  0%| F|  |TAMS 0x0000000616c00000| PB 0x0000000616c00000| Untracked 
|  87|0x0000000617000000, 0x0000000617000000, 0x0000000617400000|  0%| F|  |TAMS 0x0000000617000000| PB 0x0000000617000000| Untracked 
|  88|0x0000000617400000, 0x0000000617629880, 0x0000000617800000| 54%| E|  |TAMS 0x0000000617400000| PB 0x0000000617400000| Complete 
|  89|0x0000000617800000, 0x0000000617c00000, 0x0000000617c00000|100%| E|CS|TAMS 0x0000000617800000| PB 0x0000000617800000| Complete 
|  90|0x0000000617c00000, 0x0000000618000000, 0x0000000618000000|100%| E|  |TAMS 0x0000000617c00000| PB 0x0000000617c00000| Complete 
|  91|0x0000000618000000, 0x0000000618400000, 0x0000000618400000|100%| E|CS|TAMS 0x0000000618000000| PB 0x0000000618000000| Complete 
|  92|0x0000000618400000, 0x0000000618800000, 0x0000000618800000|100%| E|CS|TAMS 0x0000000618400000| PB 0x0000000618400000| Complete 
|  93|0x0000000618800000, 0x0000000618c00000, 0x0000000618c00000|100%| E|CS|TAMS 0x0000000618800000| PB 0x0000000618800000| Complete 
|  94|0x0000000618c00000, 0x0000000619000000, 0x0000000619000000|100%| E|CS|TAMS 0x0000000618c00000| PB 0x0000000618c00000| Complete 
|  95|0x0000000619000000, 0x0000000619400000, 0x0000000619400000|100%| E|CS|TAMS 0x0000000619000000| PB 0x0000000619000000| Complete 
|  96|0x0000000619400000, 0x0000000619800000, 0x0000000619800000|100%| E|CS|TAMS 0x0000000619400000| PB 0x0000000619400000| Complete 
|  97|0x0000000619800000, 0x0000000619c00000, 0x0000000619c00000|100%| E|CS|TAMS 0x0000000619800000| PB 0x0000000619800000| Complete 
|  98|0x0000000619c00000, 0x000000061a000000, 0x000000061a000000|100%| E|CS|TAMS 0x0000000619c00000| PB 0x0000000619c00000| Complete 
|  99|0x000000061a000000, 0x000000061a400000, 0x000000061a400000|100%| E|CS|TAMS 0x000000061a000000| PB 0x000000061a000000| Complete 
| 100|0x000000061a400000, 0x000000061a800000, 0x000000061a800000|100%| E|CS|TAMS 0x000000061a400000| PB 0x000000061a400000| Complete 
| 101|0x000000061a800000, 0x000000061ac00000, 0x000000061ac00000|100%| E|CS|TAMS 0x000000061a800000| PB 0x000000061a800000| Complete 
| 102|0x000000061ac00000, 0x000000061b000000, 0x000000061b000000|100%| E|CS|TAMS 0x000000061ac00000| PB 0x000000061ac00000| Complete 
| 103|0x000000061b000000, 0x000000061b400000, 0x000000061b400000|100%| E|CS|TAMS 0x000000061b000000| PB 0x000000061b000000| Complete 
| 104|0x000000061b400000, 0x000000061b800000, 0x000000061b800000|100%| E|CS|TAMS 0x000000061b400000| PB 0x000000061b400000| Complete 
| 105|0x000000061b800000, 0x000000061bc00000, 0x000000061bc00000|100%| E|CS|TAMS 0x000000061b800000| PB 0x000000061b800000| Complete 
| 106|0x000000061bc00000, 0x000000061c000000, 0x000000061c000000|100%| E|CS|TAMS 0x000000061bc00000| PB 0x000000061bc00000| Complete 
| 107|0x000000061c000000, 0x000000061c400000, 0x000000061c400000|100%| E|CS|TAMS 0x000000061c000000| PB 0x000000061c000000| Complete 
| 108|0x000000061c400000, 0x000000061c800000, 0x000000061c800000|100%| E|CS|TAMS 0x000000061c400000| PB 0x000000061c400000| Complete 
| 109|0x000000061c800000, 0x000000061cc00000, 0x000000061cc00000|100%| E|CS|TAMS 0x000000061c800000| PB 0x000000061c800000| Complete 
| 110|0x000000061cc00000, 0x000000061d000000, 0x000000061d000000|100%| E|CS|TAMS 0x000000061cc00000| PB 0x000000061cc00000| Complete 
| 111|0x000000061d000000, 0x000000061d400000, 0x000000061d400000|100%| E|CS|TAMS 0x000000061d000000| PB 0x000000061d000000| Complete 
| 112|0x000000061d400000, 0x000000061d800000, 0x000000061d800000|100%| E|CS|TAMS 0x000000061d400000| PB 0x000000061d400000| Complete 
| 113|0x000000061d800000, 0x000000061dc00000, 0x000000061dc00000|100%| E|CS|TAMS 0x000000061d800000| PB 0x000000061d800000| Complete 
| 114|0x000000061dc00000, 0x000000061e000000, 0x000000061e000000|100%| E|CS|TAMS 0x000000061dc00000| PB 0x000000061dc00000| Complete 
| 115|0x000000061e000000, 0x000000061e400000, 0x000000061e400000|100%| E|CS|TAMS 0x000000061e000000| PB 0x000000061e000000| Complete 
| 116|0x000000061e400000, 0x000000061e800000, 0x000000061e800000|100%| E|CS|TAMS 0x000000061e400000| PB 0x000000061e400000| Complete 
| 117|0x000000061e800000, 0x000000061ec00000, 0x000000061ec00000|100%| E|CS|TAMS 0x000000061e800000| PB 0x000000061e800000| Complete 
| 118|0x000000061ec00000, 0x000000061f000000, 0x000000061f000000|100%| E|CS|TAMS 0x000000061ec00000| PB 0x000000061ec00000| Complete 
| 119|0x000000061f000000, 0x000000061f0c4740, 0x000000061f400000| 19%| S|CS|TAMS 0x000000061f000000| PB 0x000000061f000000| Complete 
| 120|0x000000061f400000, 0x000000061f800000, 0x000000061f800000|100%| E|CS|TAMS 0x000000061f400000| PB 0x000000061f400000| Complete 
| 121|0x000000061f800000, 0x000000061fc00000, 0x000000061fc00000|100%| E|CS|TAMS 0x000000061f800000| PB 0x000000061f800000| Complete 
| 122|0x000000061fc00000, 0x0000000620000000, 0x0000000620000000|100%| E|CS|TAMS 0x000000061fc00000| PB 0x000000061fc00000| Complete 
| 123|0x0000000620000000, 0x0000000620400000, 0x0000000620400000|100%| E|CS|TAMS 0x0000000620000000| PB 0x0000000620000000| Complete 
| 124|0x0000000620400000, 0x0000000620800000, 0x0000000620800000|100%| E|CS|TAMS 0x0000000620400000| PB 0x0000000620400000| Complete 
| 125|0x0000000620800000, 0x0000000620c00000, 0x0000000620c00000|100%| E|CS|TAMS 0x0000000620800000| PB 0x0000000620800000| Complete 
| 126|0x0000000620c00000, 0x0000000621000000, 0x0000000621000000|100%| E|CS|TAMS 0x0000000620c00000| PB 0x0000000620c00000| Complete 
| 127|0x0000000621000000, 0x0000000621400000, 0x0000000621400000|100%| E|CS|TAMS 0x0000000621000000| PB 0x0000000621000000| Complete 

Card table byte_map: [0x000001cea74e0000,0x000001cea84e0000] _byte_map_base: 0x000001cea44d6000

Marking Bits: (CMBitMap*) 0x000001ce8d85aa00
 Bits: [0x000001cea84e0000, 0x000001ceb0490000)

Polling page: 0x000001ce8beb0000

Metaspace:

Usage:
  Non-class:     15.26 MB used.
      Class:      1.10 MB used.
       Both:     16.35 MB used.

Virtual space:
  Non-class space:       64.00 MB reserved,      15.50 MB ( 24%) committed,  1 nodes.
      Class space:        1.00 GB reserved,       1.31 MB ( <1%) committed,  1 nodes.
             Both:        1.06 GB reserved,      16.81 MB (  2%) committed. 

Chunk freelists:
   Non-Class:  96.00 KB
       Class:  14.54 MB
        Both:  14.63 MB

MaxMetaspaceSize: unlimited
CompressedClassSpaceSize: 1.00 GB
Initial GC threshold: 21.00 MB
Current GC threshold: 21.00 MB
CDS: on
 - commit_granule_bytes: 65536.
 - commit_granule_words: 8192.
 - virtual_space_node_default_size: 8388608.
 - enlarge_chunks_in_place: 1.
 - use_allocation_guard: 0.


Internal statistics:

num_allocs_failed_limit: 0.
num_arena_births: 490.
num_arena_deaths: 0.
num_vsnodes_births: 2.
num_vsnodes_deaths: 0.
num_space_committed: 269.
num_space_uncommitted: 0.
num_chunks_returned_to_freelist: 0.
num_chunks_taken_from_freelist: 1014.
num_chunk_merges: 0.
num_chunk_splits: 649.
num_chunks_enlarged: 387.
num_inconsistent_stats: 0.

CodeHeap 'non-profiled nmethods': size=119168Kb used=1280Kb max_used=1280Kb free=117887Kb
 bounds [0x000001ce9db60000, 0x000001ce9ddd0000, 0x000001cea4fc0000]
CodeHeap 'profiled nmethods': size=119104Kb used=5215Kb max_used=5215Kb free=113888Kb
 bounds [0x000001ce95fc0000, 0x000001ce964e0000, 0x000001ce9d410000]
CodeHeap 'non-nmethods': size=7488Kb used=4435Kb max_used=4465Kb free=3052Kb
 bounds [0x000001ce9d410000, 0x000001ce9d880000, 0x000001ce9db60000]
 total_blobs=4426 nmethods=2829 adapters=1499
 compilation: enabled
              stopped_count=0, restarted_count=0
 full_count=0

Compilation events (20 events):
Event: 4.083 Thread 0x000001ceb3c4f780 nmethod 2817 0x000001ce964d4010 code [0x000001ce964d41e0, 0x000001ce964d43f0]
Event: 4.083 Thread 0x000001cefa5b9820 nmethod 2818 0x000001ce964d4510 code [0x000001ce964d4760, 0x000001ce964d4f68]
Event: 4.085 Thread 0x000001cef97f29f0 2820       3       java.lang.invoke.MethodHandle::keepsAlive (20 bytes)
Event: 4.085 Thread 0x000001ceb3b796c0 2821       3       org.lwjgl.vulkan.VkCommandBuffer::getCapabilities (5 bytes)
Event: 4.085 Thread 0x000001ceb3b796c0 nmethod 2821 0x000001ce964d5210 code [0x000001ce964d53a0, 0x000001ce964d54c8]
Event: 4.085 Thread 0x000001cef97f29f0 nmethod 2820 0x000001ce964d5590 code [0x000001ce964d57e0, 0x000001ce964d61e0]
Event: 4.086 Thread 0x000001ceb3c4f780 2823       3       java.lang.invoke.BoundMethodHandle$Species_L::<init> (12 bytes)
Event: 4.087 Thread 0x000001ceb3c4f780 nmethod 2823 0x000001ce964d6510 code [0x000001ce964d66c0, 0x000001ce964d68e8]
Event: 4.087 Thread 0x000001ceb3c4f780 2824       3       org.joml.Math::fma (19 bytes)
Event: 4.087 Thread 0x000001cefa5b9820 2825       1       org.joml.Vector3f::x (5 bytes)
Event: 4.087 Thread 0x000001cef97f29f0 2826       1       org.joml.Vector3f::y (5 bytes)
Event: 4.087 Thread 0x000001ceb3b796c0 2827       1       org.joml.Vector3f::z (5 bytes)
Event: 4.087 Thread 0x000001ceb3c4f780 nmethod 2824 0x000001ce964d6a10 code [0x000001ce964d6ba0, 0x000001ce964d6ca0]
Event: 4.087 Thread 0x000001cefa5b9820 nmethod 2825 0x000001ce9dc9f790 code [0x000001ce9dc9f920, 0x000001ce9dc9f9e8]
Event: 4.087 Thread 0x000001cef97f29f0 nmethod 2826 0x000001ce9dc9fa90 code [0x000001ce9dc9fc20, 0x000001ce9dc9fce8]
Event: 4.087 Thread 0x000001ceb3b796c0 nmethod 2827 0x000001ce9dc9fd90 code [0x000001ce9dc9ff20, 0x000001ce9dc9ffe8]
Event: 4.088 Thread 0x000001cef97f29f0 2828   !   3       jdk.internal.misc.ScopedMemoryAccess::putLong (21 bytes)
Event: 4.088 Thread 0x000001ceb3b796c0 2829   !   3       jdk.internal.misc.ScopedMemoryAccess::putLongInternal (35 bytes)
Event: 4.088 Thread 0x000001ceb3b796c0 nmethod 2829 0x000001ce964d6d10 code [0x000001ce964d6ee0, 0x000001ce964d71e8]
Event: 4.088 Thread 0x000001cef97f29f0 nmethod 2828 0x000001ce964d7390 code [0x000001ce964d7580, 0x000001ce964d7a18]

GC Heap History (4 events):
Event: 2.418 GC heap before
{Heap before GC invocations=0 (full 0):
 garbage-first heap   total 524288K, used 24576K [0x0000000601400000, 0x0000000800000000)
  region size 4096K, 6 young (24576K), 0 survivors (0K)
 Metaspace       used 9800K, committed 9984K, reserved 1114112K
  class space    used 609K, committed 704K, reserved 1048576K
}
Event: 2.422 GC heap after
{Heap after GC invocations=1 (full 0):
 garbage-first heap   total 524288K, used 3987K [0x0000000601400000, 0x0000000800000000)
  region size 4096K, 1 young (4096K), 1 survivors (4096K)
 Metaspace       used 9800K, committed 9984K, reserved 1114112K
  class space    used 609K, committed 704K, reserved 1048576K
}
Event: 2.760 GC heap before
{Heap before GC invocations=1 (full 0):
 garbage-first heap   total 524288K, used 53139K [0x0000000601400000, 0x0000000800000000)
  region size 4096K, 8 young (32768K), 1 survivors (4096K)
 Metaspace       used 14039K, committed 14272K, reserved 1114112K
  class space    used 941K, committed 1024K, reserved 1048576K
}
Event: 2.763 GC heap after
{Heap after GC invocations=2 (full 0):
 garbage-first heap   total 524288K, used 29023K [0x0000000601400000, 0x0000000800000000)
  region size 4096K, 1 young (4096K), 1 survivors (4096K)
 Metaspace       used 14039K, committed 14272K, reserved 1114112K
  class space    used 941K, committed 1024K, reserved 1048576K
}

Dll operation events (14 events):
Event: 0.005 Loaded shared library C:\Program Files\Amazon Corretto\jdk21.0.6_7\bin\java.dll
Event: 0.023 Loaded shared library C:\Program Files\Amazon Corretto\jdk21.0.6_7\bin\jsvml.dll
Event: 0.057 Loaded shared library C:\Program Files\Amazon Corretto\jdk21.0.6_7\bin\net.dll
Event: 0.058 Loaded shared library C:\Program Files\Amazon Corretto\jdk21.0.6_7\bin\nio.dll
Event: 0.062 Loaded shared library C:\Program Files\Amazon Corretto\jdk21.0.6_7\bin\zip.dll
Event: 0.107 Loaded shared library C:\Program Files\Amazon Corretto\jdk21.0.6_7\bin\jimage.dll
Event: 0.124 Loaded shared library C:\Users\filip\AppData\Local\Temp\lwjgl_filip\3.4.0-snapshot+8\x64\lwjgl.dll
Event: 0.419 Loaded shared library C:\Program Files\Amazon Corretto\jdk21.0.6_7\bin\verify.dll
Event: 0.520 Loaded shared library C:\Program Files\Amazon Corretto\jdk21.0.6_7\bin\management.dll
Event: 0.521 Loaded shared library C:\Program Files\Amazon Corretto\jdk21.0.6_7\bin\management_ext.dll
Event: 1.636 Loaded shared library C:\Users\filip\AppData\Local\Temp\lwjgl_filip\3.4.0-snapshot+8\x64\lwjgl_vma.dll
Event: 2.211 Loaded shared library C:\Users\filip\AppData\Local\Temp\lwjgl_filip\3.4.0-snapshot+8\x64\lwjgl_stb.dll
Event: 2.412 Loaded shared library C:\Users\filip\AppData\Local\Temp\imgui-java-natives\1.89.0\imgui-java64.dll
Event: 2.527 Loaded shared library C:\Program Files\Amazon Corretto\jdk21.0.6_7\bin\awt.dll

Deoptimization events (20 events):
Event: 4.054 Thread 0x000001ce8bce4ce0 Uncommon trap: trap_request=0xffffffde fr.pc=0x000001ce9db9ac58 relative=0x00000000000002f8
Event: 4.054 Thread 0x000001ce8bce4ce0 Uncommon trap: reason=class_check action=maybe_recompile pc=0x000001ce9db9ac58 method=java.util.regex.Pattern$BmpCharPropertyGreedy.match(Ljava/util/regex/Matcher;ILjava/lang/CharSequence;)Z @ 26 c2
Event: 4.054 Thread 0x000001ce8bce4ce0 DEOPT PACKING pc=0x000001ce9db9ac58 sp=0x0000007c6a9feb40
Event: 4.054 Thread 0x000001ce8bce4ce0 DEOPT UNPACKING pc=0x000001ce9d4646a2 sp=0x0000007c6a9feaf8 mode 2
Event: 4.054 Thread 0x000001ce8bce4ce0 Uncommon trap: trap_request=0xffffffde fr.pc=0x000001ce9db9ac58 relative=0x00000000000002f8
Event: 4.054 Thread 0x000001ce8bce4ce0 Uncommon trap: reason=class_check action=maybe_recompile pc=0x000001ce9db9ac58 method=java.util.regex.Pattern$BmpCharPropertyGreedy.match(Ljava/util/regex/Matcher;ILjava/lang/CharSequence;)Z @ 26 c2
Event: 4.054 Thread 0x000001ce8bce4ce0 DEOPT PACKING pc=0x000001ce9db9ac58 sp=0x0000007c6a9fe8a0
Event: 4.054 Thread 0x000001ce8bce4ce0 DEOPT UNPACKING pc=0x000001ce9d4646a2 sp=0x0000007c6a9fe858 mode 2
Event: 4.054 Thread 0x000001ce8bce4ce0 Uncommon trap: trap_request=0xffffffde fr.pc=0x000001ce9db9ac58 relative=0x00000000000002f8
Event: 4.054 Thread 0x000001ce8bce4ce0 Uncommon trap: reason=class_check action=maybe_recompile pc=0x000001ce9db9ac58 method=java.util.regex.Pattern$BmpCharPropertyGreedy.match(Ljava/util/regex/Matcher;ILjava/lang/CharSequence;)Z @ 26 c2
Event: 4.054 Thread 0x000001ce8bce4ce0 DEOPT PACKING pc=0x000001ce9db9ac58 sp=0x0000007c6a9fe7b0
Event: 4.054 Thread 0x000001ce8bce4ce0 DEOPT UNPACKING pc=0x000001ce9d4646a2 sp=0x0000007c6a9fe748 mode 2
Event: 4.070 Thread 0x000001ce8bce4ce0 Uncommon trap: trap_request=0xffffff45 fr.pc=0x000001ce9dc93f28 relative=0x0000000000000268
Event: 4.070 Thread 0x000001ce8bce4ce0 Uncommon trap: reason=unstable_if action=reinterpret pc=0x000001ce9dc93f28 method=java.lang.String.getChars(II[CI)V @ 24 c2
Event: 4.070 Thread 0x000001ce8bce4ce0 DEOPT PACKING pc=0x000001ce9dc93f28 sp=0x0000007c6a9fee90
Event: 4.070 Thread 0x000001ce8bce4ce0 DEOPT UNPACKING pc=0x000001ce9d4646a2 sp=0x0000007c6a9fee28 mode 2
Event: 4.070 Thread 0x000001ce8bce4ce0 Uncommon trap: trap_request=0xffffff45 fr.pc=0x000001ce9dc8d804 relative=0x00000000000001e4
Event: 4.070 Thread 0x000001ce8bce4ce0 Uncommon trap: reason=unstable_if action=reinterpret pc=0x000001ce9dc8d804 method=java.lang.StringCoding.implEncodeAsciiArray([CI[BII)I @ 23 c2
Event: 4.070 Thread 0x000001ce8bce4ce0 DEOPT PACKING pc=0x000001ce9dc8d804 sp=0x0000007c6a9feab0
Event: 4.070 Thread 0x000001ce8bce4ce0 DEOPT UNPACKING pc=0x000001ce9d4646a2 sp=0x0000007c6a9fea20 mode 2

Classes loaded (20 events):
Event: 3.148 Loading class com/sun/imageio/plugins/png/CRC
Event: 3.148 Loading class com/sun/imageio/plugins/png/CRC done
Event: 3.149 Loading class com/sun/imageio/plugins/png/IDATOutputStream
Event: 3.149 Loading class com/sun/imageio/plugins/png/IDATOutputStream done
Event: 3.149 Loading class java/util/zip/Deflater
Event: 3.149 Loading class java/util/zip/Deflater done
Event: 3.149 Loading class java/util/zip/Deflater$DeflaterZStreamRef
Event: 3.149 Loading class java/util/zip/Deflater$DeflaterZStreamRef done
Event: 3.511 Loading class java/util/concurrent/LinkedBlockingQueue
Event: 3.511 Loading class java/util/concurrent/LinkedBlockingQueue done
Event: 3.512 Loading class java/util/concurrent/LinkedBlockingQueue$Node
Event: 3.512 Loading class java/util/concurrent/LinkedBlockingQueue$Node done
Event: 3.512 Loading class java/util/concurrent/Executors$DefaultThreadFactory
Event: 3.512 Loading class java/util/concurrent/Executors$DefaultThreadFactory done
Event: 3.512 Loading class java/util/concurrent/PriorityBlockingQueue
Event: 3.513 Loading class java/util/concurrent/PriorityBlockingQueue done
Event: 3.696 Loading class java/util/LinkedHashMap$LinkedValues
Event: 3.697 Loading class java/util/LinkedHashMap$LinkedValues done
Event: 4.054 Loading class jdk/internal/math/FormattedFPDecimal
Event: 4.054 Loading class jdk/internal/math/FormattedFPDecimal done

Classes unloaded (0 events):
No events

Classes redefined (0 events):
No events

Internal exceptions (20 events):
Event: 2.013 Thread 0x000001ce8bce4ce0 Exception <a 'sun/nio/fs/WindowsException'{0x000000061fe8bb70}> (0x000000061fe8bb70) 
thrown [s\src\hotspot\share\prims\jni.cpp, line 520]
Event: 2.035 Thread 0x000001ce8bce4ce0 Exception <a 'sun/nio/fs/WindowsException'{0x000000061fe90a08}> (0x000000061fe90a08) 
thrown [s\src\hotspot\share\prims\jni.cpp, line 520]
Event: 2.035 Thread 0x000001ce8bce4ce0 Exception <a 'sun/nio/fs/WindowsException'{0x000000061fe90dc8}> (0x000000061fe90dc8) 
thrown [s\src\hotspot\share\prims\jni.cpp, line 520]
Event: 2.203 Thread 0x000001ce8bce4ce0 Exception <a 'java/lang/NoSuchMethodError'{0x000000061fec8720}: 'void java.lang.System.load(java.lang.String, java.lang.Class)'> (0x000000061fec8720) 
thrown [s\src\hotspot\share\interpreter\linkResolver.cpp, line 773]
Event: 2.203 Thread 0x000001ce8bce4ce0 Exception <a 'java/lang/NoSuchMethodError'{0x000000061fecb190}: 'void java.lang.System.loadLibrary(java.lang.String, java.lang.Class)'> (0x000000061fecb190) 
thrown [s\src\hotspot\share\interpreter\linkResolver.cpp, line 773]
Event: 2.209 Thread 0x000001ce8bce4ce0 Exception <a 'sun/nio/fs/WindowsException'{0x000000061feda5c8}> (0x000000061feda5c8) 
thrown [s\src\hotspot\share\prims\jni.cpp, line 520]
Event: 2.209 Thread 0x000001ce8bce4ce0 Exception <a 'sun/nio/fs/WindowsException'{0x000000061feda978}> (0x000000061feda978) 
thrown [s\src\hotspot\share\prims\jni.cpp, line 520]
Event: 2.453 Thread 0x000001ce8bce4ce0 Exception <a 'java/lang/NoSuchMethodError'{0x00000006211688a0}: 'void java.lang.invoke.DirectMethodHandle$Holder.invokeVirtual(java.lang.Object, java.lang.Object)'> (0x00000006211688a0) 
thrown [s\src\hotspot\share\interpreter\linkResolver.cpp, line 773]
Event: 2.458 Thread 0x000001ce8bce4ce0 Exception <a 'java/lang/NoSuchMethodError'{0x0000000621193748}: 'java.lang.Object java.lang.invoke.Invokers$Holder.invokeExact_MT(java.lang.Object, java.lang.Object, java.lang.Object, java.lang.Object, java.lang.Object, java.lang.Object)'> (0x0000000621193748) 
thrown [s\src\hotspot\share\interpreter\linkResolver.cpp, line 773]
Event: 2.506 Thread 0x000001ce8bce4ce0 Exception <a 'java/lang/NoSuchMethodError'{0x00000006213b5e28}: 'void java.lang.invoke.DirectMethodHandle$Holder.invokeInterface(java.lang.Object, java.lang.Object, java.lang.Object)'> (0x00000006213b5e28) 
thrown [s\src\hotspot\share\interpreter\linkResolver.cpp, line 773]
Event: 2.541 Thread 0x000001ce8bce4ce0 Exception <a 'java/lang/ClassNotFoundException'{0x0000000620c83000}: sun/awt/resources/spi/awtProvider> (0x0000000620c83000) 
thrown [s\src\hotspot\share\classfile\systemDictionary.cpp, line 312]
Event: 2.547 Thread 0x000001ce8bce4ce0 Exception <a 'java/io/FileNotFoundException'{0x0000000620cb67e8}> (0x0000000620cb67e8) 
thrown [s\src\hotspot\share\prims\jni.cpp, line 520]
Event: 2.550 Thread 0x000001ce8bce4ce0 Exception <a 'java/io/FileNotFoundException'{0x0000000620ce0dd8}> (0x0000000620ce0dd8) 
thrown [s\src\hotspot\share\prims\jni.cpp, line 520]
Event: 3.143 Thread 0x000001ce8bce4ce0 Exception <a 'sun/nio/fs/WindowsException'{0x000000061b167490}> (0x000000061b167490) 
thrown [s\src\hotspot\share\prims\jni.cpp, line 520]
Event: 3.472 Thread 0x000001ce8bce4ce0 Exception <a 'java/lang/NoSuchMethodError'{0x0000000619ba2908}: 'java.lang.Object java.lang.invoke.DirectMethodHandle$Holder.invokeSpecial(java.lang.Object, java.lang.Object, int, long)'> (0x0000000619ba2908) 
thrown [s\src\hotspot\share\interpreter\linkResolver.cpp, line 773]
Event: 3.497 Thread 0x000001ce8bce4ce0 Exception <a 'java/lang/NoSuchMethodError'{0x000000061965e680}: 'long java.lang.invoke.DirectMethodHandle$Holder.invokeVirtual(java.lang.Object, java.lang.Object)'> (0x000000061965e680) 
thrown [s\src\hotspot\share\interpreter\linkResolver.cpp, line 773]
Event: 3.498 Thread 0x000001ce8bce4ce0 Exception <a 'java/lang/NoSuchMethodError'{0x00000006196621a8}: 'long java.lang.invoke.DelegatingMethodHandle$Holder.reinvoke_L(java.lang.Object, java.lang.Object)'> (0x00000006196621a8) 
thrown [s\src\hotspot\share\interpreter\linkResolver.cpp, line 773]
Event: 3.689 Thread 0x000001ce8bce4ce0 Exception <a 'java/lang/NoSuchMethodError'{0x00000006192705e0}: 'void java.lang.invoke.DirectMethodHandle$Holder.invokeStatic(java.lang.Object, int, java.lang.Object)'> (0x00000006192705e0) 
thrown [s\src\hotspot\share\interpreter\linkResolver.cpp, line 773]
Event: 4.075 Thread 0x000001ce8bce4ce0 Exception <a 'java/lang/NoSuchMethodError'{0x000000061754e5e8}: 'java.lang.Object java.lang.invoke.DirectMethodHandle$Holder.invokeVirtual(java.lang.Object, java.lang.Object, java.lang.Object)'> (0x000000061754e5e8) 
thrown [s\src\hotspot\share\interpreter\linkResolver.cpp, line 773]
Event: 4.086 Thread 0x000001ce8bce4ce0 Exception <a 'java/lang/NoSuchMethodError'{0x00000006175b0358}: 'int java.lang.invoke.DirectMethodHandle$Holder.invokeVirtual(java.lang.Object, java.lang.Object)'> (0x00000006175b0358) 
thrown [s\src\hotspot\share\interpreter\linkResolver.cpp, line 773]

ZGC Phase Switch (0 events):
No events

VM Operations (20 events):
Event: 0.446 Executing VM operation: HandshakeAllThreads (Deoptimize)
Event: 0.446 Executing VM operation: HandshakeAllThreads (Deoptimize) done
Event: 0.538 Executing VM operation: HandshakeAllThreads (Deoptimize)
Event: 0.538 Executing VM operation: HandshakeAllThreads (Deoptimize) done
Event: 1.545 Executing VM operation: Cleanup
Event: 1.545 Executing VM operation: Cleanup done
Event: 1.869 Executing VM operation: HandshakeAllThreads (Deoptimize)
Event: 1.869 Executing VM operation: HandshakeAllThreads (Deoptimize) done
Event: 1.869 Executing VM operation: HandshakeAllThreads (Deoptimize)
Event: 1.869 Executing VM operation: HandshakeAllThreads (Deoptimize) done
Event: 2.418 Executing VM operation: G1CollectForAllocation (G1 Evacuation Pause)
Event: 2.422 Executing VM operation: G1CollectForAllocation (G1 Evacuation Pause) done
Event: 2.596 Executing VM operation: HandshakeAllThreads (Deoptimize)
Event: 2.596 Executing VM operation: HandshakeAllThreads (Deoptimize) done
Event: 2.598 Executing VM operation: HandshakeAllThreads (Deoptimize)
Event: 2.598 Executing VM operation: HandshakeAllThreads (Deoptimize) done
Event: 2.760 Executing VM operation: G1CollectForAllocation (G1 Evacuation Pause)
Event: 2.763 Executing VM operation: G1CollectForAllocation (G1 Evacuation Pause) done
Event: 3.144 Executing VM operation: HandshakeAllThreads (Deoptimize)
Event: 3.144 Executing VM operation: HandshakeAllThreads (Deoptimize) done

Memory protections (0 events):
No events

Nmethod flushes (0 events):
No events

Events (20 events):
Event: 0.051 Thread 0x000001ce8bce4ce0 Thread added: 0x000001ceb3d44ba0
Event: 0.082 Thread 0x000001ceb3b796c0 Thread added: 0x000001ceb3e28ec0
Event: 0.083 Thread 0x000001ceb3c4f780 Thread added: 0x000001cef91148e0
Event: 0.410 Thread 0x000001cef91148e0 Thread exited: 0x000001cef91148e0
Event: 0.410 Thread 0x000001ceb3e28ec0 Thread exited: 0x000001ceb3e28ec0
Event: 0.548 Thread 0x000001ceb3b796c0 Thread added: 0x000001cef97f29f0
Event: 0.549 Thread 0x000001ceb3c4f780 Thread added: 0x000001cefa5b9820
Event: 0.554 Thread 0x000001ceb3c4f780 Thread added: 0x000001cefa75b820
Event: 0.554 Thread 0x000001ceb3c4f780 Thread added: 0x000001cefa553c00
Event: 1.611 Thread 0x000001cefa553c00 Thread exited: 0x000001cefa553c00
Event: 1.859 Thread 0x000001cefa75b820 Thread exited: 0x000001cefa75b820
Event: 2.595 Thread 0x000001ce8bce4ce0 Thread added: 0x000001ce89ce59f0
Event: 2.640 Thread 0x000001ceb3b796c0 Thread added: 0x000001ce89d508d0
Event: 2.647 Thread 0x000001ceb3b796c0 Thread added: 0x000001ce89d89bf0
Event: 3.660 Thread 0x000001ce89d89bf0 Thread exited: 0x000001ce89d89bf0
Event: 3.660 Thread 0x000001ce89d508d0 Thread exited: 0x000001ce89d508d0
Event: 3.721 Thread 0x000001ceb3b66470 Thread added: 0x000001ce89d89b40
Event: 3.777 Thread 0x000001ceb3b66470 Thread added: 0x000001cf238fcb90
Event: 3.777 Thread 0x000001ceb3b66470 Thread added: 0x000001cf2366e130
Event: 4.032 Thread 0x000001cf2366e130 Thread exited: 0x000001cf2366e130


Dynamic libraries:
0x00007ff641d70000 - 0x00007ff641d7e000 	C:\Program Files\Amazon Corretto\jdk21.0.6_7\bin\java.exe
0x00007ff81d1e0000 - 0x00007ff81d448000 	C:\WINDOWS\SYSTEM32\ntdll.dll
0x00007ff81c230000 - 0x00007ff81c2f9000 	C:\WINDOWS\System32\KERNEL32.DLL
0x00007ff81a330000 - 0x00007ff81a71d000 	C:\WINDOWS\System32\KERNELBASE.dll
0x00007ff81a8b0000 - 0x00007ff81a9fb000 	C:\WINDOWS\System32\ucrtbase.dll
0x00007ff814d30000 - 0x00007ff814d48000 	C:\Program Files\Amazon Corretto\jdk21.0.6_7\bin\jli.dll
0x00007ff814d10000 - 0x00007ff814d2b000 	C:\Program Files\Amazon Corretto\jdk21.0.6_7\bin\VCRUNTIME140.dll
0x00007ff81ca30000 - 0x00007ff81cbfc000 	C:\WINDOWS\System32\USER32.dll
0x00007ffffd910000 - 0x00007ffffdbaa000 	C:\WINDOWS\WinSxS\amd64_microsoft.windows.common-controls_6595b64144ccf1df_6.0.26100.4484_none_3e0e6d4ce32ef3b3\COMCTL32.dll
0x00007ff81a720000 - 0x00007ff81a747000 	C:\WINDOWS\System32\win32u.dll
0x00007ff81cd60000 - 0x00007ff81cd8b000 	C:\WINDOWS\System32\GDI32.dll
0x00007ff81c870000 - 0x00007ff81c919000 	C:\WINDOWS\System32\msvcrt.dll
0x00007ff81ae40000 - 0x00007ff81af77000 	C:\WINDOWS\System32\gdi32full.dll
0x00007ff81aa00000 - 0x00007ff81aaa3000 	C:\WINDOWS\System32\msvcp_win.dll
0x00007ff81c1b0000 - 0x00007ff81c1df000 	C:\WINDOWS\System32\IMM32.DLL
0x00007fffe4ce0000 - 0x00007fffe4cec000 	C:\Program Files\Amazon Corretto\jdk21.0.6_7\bin\vcruntime140_1.dll
0x00007fff5a280000 - 0x00007fff5a30d000 	C:\Program Files\Amazon Corretto\jdk21.0.6_7\bin\msvcp140.dll
0x00007fff17f50000 - 0x00007fff18cef000 	C:\Program Files\Amazon Corretto\jdk21.0.6_7\bin\server\jvm.dll
0x00007ff81c600000 - 0x00007ff81c6b4000 	C:\WINDOWS\System32\ADVAPI32.dll
0x00007ff81b410000 - 0x00007ff81b4b6000 	C:\WINDOWS\System32\sechost.dll
0x00007ff81c370000 - 0x00007ff81c488000 	C:\WINDOWS\System32\RPCRT4.dll
0x00007ff81b5c0000 - 0x00007ff81b634000 	C:\WINDOWS\System32\WS2_32.dll
0x00007ff818ef0000 - 0x00007ff818f4e000 	C:\WINDOWS\SYSTEM32\POWRPROF.dll
0x00007ff812f20000 - 0x00007ff812f2b000 	C:\WINDOWS\SYSTEM32\VERSION.dll
0x00007ff80c960000 - 0x00007ff80c995000 	C:\WINDOWS\SYSTEM32\WINMM.dll
0x00007ff818ed0000 - 0x00007ff818ee4000 	C:\WINDOWS\SYSTEM32\UMPDC.dll
0x00007ff8191b0000 - 0x00007ff8191cb000 	C:\WINDOWS\SYSTEM32\kernel.appcore.dll
0x00007fffe4cd0000 - 0x00007fffe4cda000 	C:\Program Files\Amazon Corretto\jdk21.0.6_7\bin\jimage.dll
0x00007ff8174a0000 - 0x00007ff8176e1000 	C:\WINDOWS\SYSTEM32\DBGHELP.DLL
0x00007ff81cdb0000 - 0x00007ff81d136000 	C:\WINDOWS\System32\combase.dll
0x00007ff81cc70000 - 0x00007ff81cd50000 	C:\WINDOWS\System32\OLEAUT32.dll
0x00007ff800010000 - 0x00007ff800053000 	C:\WINDOWS\SYSTEM32\dbgcore.DLL
0x00007ff81a750000 - 0x00007ff81a7e9000 	C:\WINDOWS\System32\bcryptPrimitives.dll
0x00007fffe2cc0000 - 0x00007fffe2cdf000 	C:\Program Files\Amazon Corretto\jdk21.0.6_7\bin\java.dll
0x00007ff81ba60000 - 0x00007ff81c1aa000 	C:\WINDOWS\System32\SHELL32.dll
0x00007ff81ab40000 - 0x00007ff81acb4000 	C:\WINDOWS\System32\wintypes.dll
0x00007ff817f50000 - 0x00007ff8187ab000 	C:\WINDOWS\SYSTEM32\windows.storage.dll
0x00007ff81b960000 - 0x00007ff81ba55000 	C:\WINDOWS\System32\SHCORE.dll
0x00007ff81cc00000 - 0x00007ff81cc6a000 	C:\WINDOWS\System32\shlwapi.dll
0x00007ff81a240000 - 0x00007ff81a26f000 	C:\WINDOWS\SYSTEM32\profapi.dll
0x00007fff56f40000 - 0x00007fff57017000 	C:\Program Files\Amazon Corretto\jdk21.0.6_7\bin\jsvml.dll
0x00007fffe2cb0000 - 0x00007fffe2cc0000 	C:\Program Files\Amazon Corretto\jdk21.0.6_7\bin\net.dll
0x00007ff80e150000 - 0x00007ff80e26e000 	C:\WINDOWS\SYSTEM32\WINHTTP.dll
0x00007ff819720000 - 0x00007ff81978a000 	C:\WINDOWS\system32\mswsock.dll
0x00007fffe2c90000 - 0x00007fffe2ca6000 	C:\Program Files\Amazon Corretto\jdk21.0.6_7\bin\nio.dll
0x00007fffd44f0000 - 0x00007fffd4508000 	C:\Program Files\Amazon Corretto\jdk21.0.6_7\bin\zip.dll
0x00007fff5a350000 - 0x00007fff5a3d0000 	C:\Users\filip\AppData\Local\Temp\lwjgl_filip\3.4.0-snapshot+8\x64\lwjgl.dll
0x00007fff56e00000 - 0x00007fff56e89000 	C:\Users\filip\AppData\Local\Temp\lwjgl_filip\3.4.0-snapshot+8\x64\glfw.dll
0x00007fffac7d0000 - 0x00007fffac81b000 	C:\WINDOWS\SYSTEM32\dinput8.dll
0x00007fffd8c20000 - 0x00007fffd8c32000 	C:\WINDOWS\SYSTEM32\xinput1_4.dll
0x00007ff819fc0000 - 0x00007ff81a017000 	C:\WINDOWS\SYSTEM32\cfgmgr32.dll
0x00007ff819f90000 - 0x00007ff819fbd000 	C:\WINDOWS\SYSTEM32\DEVOBJ.dll
0x00007ff8167d0000 - 0x00007ff816806000 	C:\WINDOWS\SYSTEM32\dwmapi.dll
0x00007ffffbe50000 - 0x00007ffffc033000 	C:\WINDOWS\SYSTEM32\inputhost.dll
0x00007ff816170000 - 0x00007ff816295000 	C:\WINDOWS\SYSTEM32\CoreMessaging.dll
0x00007ff816660000 - 0x00007ff81670f000 	C:\WINDOWS\system32\uxtheme.dll
0x00007fff8a830000 - 0x00007fff8a961000 	C:\ProgramData\A-Volute\A-Volute.SonicStudio3\Modules\ScheduledModules\x64\AudioDevProps2.dll
0x00007ff81c6c0000 - 0x00007ff81c85e000 	C:\WINDOWS\System32\ole32.dll
0x00007ff819960000 - 0x00007ff81996c000 	C:\WINDOWS\SYSTEM32\CRYPTBASE.DLL
0x00007ff81c490000 - 0x00007ff81c5f0000 	C:\WINDOWS\System32\MSCTF.dll
0x00007fffd5b00000 - 0x00007fffd5c85000 	C:\WINDOWS\SYSTEM32\vulkan-1.dll
0x00007ff817c60000 - 0x00007ff817d98000 	C:\WINDOWS\system32\dxgi.dll
0x00007ff817980000 - 0x00007ff8179e4000 	C:\WINDOWS\SYSTEM32\directxdatabasehelper.dll
0x00007ff80cc50000 - 0x00007ff80cc6a000 	C:\WINDOWS\SYSTEM32\windows.staterepositorycore.dll
0x00007ff816780000 - 0x00007ff8167cd000 	C:\WINDOWS\SYSTEM32\dxcore.dll
0x00007fff657a0000 - 0x00007fff68036000 	C:\WINDOWS\System32\DriverStore\FileRepository\nv_dispui.inf_amd64_6104305aedfa6877\nvoglv64.dll
0x00007ff81af80000 - 0x00007ff81b406000 	C:\WINDOWS\System32\SETUPAPI.dll
0x00007ff816610000 - 0x00007ff816626000 	C:\WINDOWS\SYSTEM32\WTSAPI32.dll
0x00007ff819b60000 - 0x00007ff819b73000 	C:\WINDOWS\SYSTEM32\msasn1.dll
0x00007ff812890000 - 0x00007ff8128cb000 	C:\WINDOWS\SYSTEM32\cryptnet.dll
0x00007ff81acc0000 - 0x00007ff81ae37000 	C:\WINDOWS\System32\CRYPT32.dll
0x00007ff819a00000 - 0x00007ff819a6b000 	C:\WINDOWS\SYSTEM32\wldp.dll
0x00007ff812560000 - 0x00007ff8126dc000 	C:\WINDOWS\SYSTEM32\drvstore.dll
0x00007ff81aab0000 - 0x00007ff81ab34000 	C:\WINDOWS\System32\WINTRUST.dll
0x00007ff8192e0000 - 0x00007ff819316000 	C:\WINDOWS\SYSTEM32\ntmarta.dll
0x00007ff81c1f0000 - 0x00007ff81c210000 	C:\WINDOWS\System32\imagehlp.dll
0x00007ff819b00000 - 0x00007ff819b1b000 	C:\WINDOWS\SYSTEM32\CRYPTSP.dll
0x00007ff819110000 - 0x00007ff81914b000 	C:\WINDOWS\system32\rsaenh.dll
0x00007ff81a210000 - 0x00007ff81a236000 	C:\WINDOWS\SYSTEM32\bcrypt.dll
0x00007ff80e280000 - 0x00007ff811d32000 	C:\WINDOWS\System32\DriverStore\FileRepository\nv_dispui.inf_amd64_6104305aedfa6877\nvgpucomp64.dll
0x00007ff81b6d0000 - 0x00007ff81b778000 	C:\WINDOWS\System32\clbcatq.dll
0x00007ffffefb0000 - 0x00007ffffefe9000 	C:\WINDOWS\SYSTEM32\rometadata.dll
0x00007ffffbcf0000 - 0x00007ffffbe40000 	C:\WINDOWS\SYSTEM32\textinputframework.dll
0x00007ffffd6b0000 - 0x00007ffffd72d000 	C:\WINDOWS\system32\Oleacc.dll
0x00007fffd44e0000 - 0x00007fffd44f0000 	C:\Program Files\Amazon Corretto\jdk21.0.6_7\bin\verify.dll
0x00007fffd31d0000 - 0x00007fffd31d9000 	C:\Program Files\Amazon Corretto\jdk21.0.6_7\bin\management.dll
0x00007fffd31c0000 - 0x00007fffd31cb000 	C:\Program Files\Amazon Corretto\jdk21.0.6_7\bin\management_ext.dll
0x00007ff81c220000 - 0x00007ff81c228000 	C:\WINDOWS\System32\PSAPI.DLL
0x00007ffee20f0000 - 0x00007ffee2e82000 	C:\VulkanSDK\1.3.243.0\Bin\VkLayer_khronos_validation.dll
0x00007fff5a1b0000 - 0x00007fff5a1fc000 	C:\ProgramData\obs-studio-hook\graphics-hook64.dll
0x00007fff59260000 - 0x00007fff592a9000 	C:\Program Files (x86)\Overwolf\0.280.1.4\ow-graphics-vulkan.dll
0x00007fff56be0000 - 0x00007fff56c26000 	C:\Users\filip\AppData\Local\Overwolf\Extensions\ncfplpkmiejjaklknfnkgcpapnhkggmlcppckhcb\270.0.10\obs\data\obs-plugins\win-capture\ow-graphics-hook64.dll
0x00007fff53860000 - 0x00007fff53d14000 	C:\Program Files (x86)\Overwolf\0.280.1.4\owclient.dll
0x00007ff815410000 - 0x00007ff81588f000 	C:\WINDOWS\SYSTEM32\D3DCOMPILER_47.dll
0x00007fffd1f50000 - 0x00007fffd2264000 	C:\WINDOWS\system32\nvspcap64.dll
0x00007ffec0c00000 - 0x00007ffec7d27000 	C:\WINDOWS\System32\DriverStore\FileRepository\nv_dispui.inf_amd64_6104305aedfa6877\nvrtum64.dll
0x00007fff54710000 - 0x00007fff547b8000 	C:\WINDOWS\System32\DriverStore\FileRepository\nv_dispui.inf_amd64_6104305aedfa6877\NvCamera\NvCameraAllowlisting64.dll
0x00007fff541c0000 - 0x00007fff54204000 	C:\Users\filip\AppData\Local\Temp\lwjgl_filip\3.4.0-snapshot+8\x64\lwjgl_vma.dll
0x00007ff801ce0000 - 0x00007ff802261000 	C:\WINDOWS\SYSTEM32\nvapi64.dll
0x00007fff8abf0000 - 0x00007fff8ac13000 	C:\WINDOWS\system32\d3d12.dll
0x00007fff11f20000 - 0x00007fff12197000 	C:\WINDOWS\system32\D3D12Core.dll
0x00007ff812f30000 - 0x00007ff812ff2000 	C:\WINDOWS\System32\DriverStore\FileRepository\nv_dispui.inf_amd64_6104305aedfa6877\nvldumdx.dll
0x00007ff80c9a0000 - 0x00007ff80ca7c000 	C:\WINDOWS\System32\DriverStore\FileRepository\nv_dispui.inf_amd64_6104305aedfa6877\NvMemMapStoragex.dll
0x00007ff806940000 - 0x00007ff80bdf1000 	C:\WINDOWS\System32\DriverStore\FileRepository\nv_dispui.inf_amd64_6104305aedfa6877\nvwgf2umx.dll
0x00007fffd4610000 - 0x00007fffd47c4000 	C:\WINDOWS\System32\DriverStore\FileRepository\nv_dispui.inf_amd64_6104305aedfa6877\nvppex.dll
0x00007fff11d60000 - 0x00007fff11d8e000 	C:\WINDOWS\SYSTEM32\D3DSCache.dll
0x00007ff8197c0000 - 0x00007ff8197eb000 	C:\WINDOWS\SYSTEM32\USERENV.dll
0x00007ff80c6b0000 - 0x00007ff80c8e8000 	C:\WINDOWS\SYSTEM32\twinapi.appcore.dll
0x00007fff68070000 - 0x00007fff68188000 	C:\WINDOWS\SYSTEM32\opengl32.dll
0x00007fff68040000 - 0x00007fff6806d000 	C:\WINDOWS\SYSTEM32\GLU32.dll
0x00007ff8015a0000 - 0x00007ff801636000 	C:\Windows\System32\DispBroker.dll
0x00007ff815ae0000 - 0x00007ff815d0a000 	C:\WINDOWS\SYSTEM32\dcomp.dll
0x00007ff8153f0000 - 0x00007ff815409000 	C:\WINDOWS\SYSTEM32\Microsoft.Internal.WarpPal.dll
0x00007ffee1c10000 - 0x00007ffee20ed000 	C:\Users\filip\AppData\Local\Temp\lwjgl_filip\3.4.0-snapshot+8\x64\shaderc.dll
0x00007fff53d70000 - 0x00007fff53e09000 	C:\Users\filip\AppData\Local\Temp\lwjgl_filip\3.4.0-snapshot+8\x64\lwjgl_stb.dll
0x00007ffede160000 - 0x00007ffede954000 	C:\Users\filip\AppData\Local\Temp\imgui-java-natives\1.89.0\imgui-java64.dll
0x00007fff536d0000 - 0x00007fff5385e000 	C:\Program Files\Amazon Corretto\jdk21.0.6_7\bin\awt.dll
0x00007ff816550000 - 0x00007ff8165ee000 	C:\WINDOWS\SYSTEM32\apphelp.dll

dbghelp: loaded successfully - version: 4.0.5 - missing functions: none
symbol engine: initialized successfully - sym options: 0x614 - pdb path: .;C:\Program Files\Amazon Corretto\jdk21.0.6_7\bin;C:\WINDOWS\SYSTEM32;C:\WINDOWS\WinSxS\amd64_microsoft.windows.common-controls_6595b64144ccf1df_6.0.26100.4484_none_3e0e6d4ce32ef3b3;C:\Program Files\Amazon Corretto\jdk21.0.6_7\bin\server;C:\Users\filip\AppData\Local\Temp\lwjgl_filip\3.4.0-snapshot+8\x64;C:\ProgramData\A-Volute\A-Volute.SonicStudio3\Modules\ScheduledModules\x64;C:\WINDOWS\System32\DriverStore\FileRepository\nv_dispui.inf_amd64_6104305aedfa6877;C:\VulkanSDK\1.3.243.0\Bin;C:\ProgramData\obs-studio-hook;C:\Program Files (x86)\Overwolf\0.280.1.4;C:\Users\filip\AppData\Local\Overwolf\Extensions\ncfplpkmiejjaklknfnkgcpapnhkggmlcppckhcb\270.0.10\obs\data\obs-plugins\win-capture;C:\WINDOWS\System32\DriverStore\FileRepository\nv_dispui.inf_amd64_6104305aedfa6877\NvCamera;C:\Users\filip\AppData\Local\Temp\imgui-java-natives\1.89.0

VM Arguments:
jvm_args: -Dfile.encoding=UTF-8 -Duser.country=IT -Duser.language=it -Duser.variant 
java_command: it.filippocavallari.cubicworld.MainKt
java_class_path (initial): C:\Users\filip\Desktop\CubicWorld\CubicWorld\build\classes\java\main;C:\Users\filip\Desktop\CubicWorld\CubicWorld\build\classes\kotlin\main;C:\Users\filip\Desktop\CubicWorld\CubicWorld\build\resources\main;C:\Users\filip\.gradle\caches\modules-2\files-2.1\org.jetbrains.kotlin\kotlin-reflect\1.9.0\2891f552979d4bf4d4ec516acb9df769fb62dbe9\kotlin-reflect-1.9.0.jar;C:\Users\filip\.gradle\caches\modules-2\files-2.1\org.joml\joml-primitives\1.10.0\b3ae3ae0dfee0bf5aef9f7964205cca0f3c6ea07\joml-primitives-1.10.0.jar;C:\Users\filip\.gradle\caches\modules-2\files-2.1\org.joml\joml\1.10.7\f8c3f2e7db281bde099342dd36133de4bbba390c\joml-1.10.7.jar;C:\Users\filip\.gradle\caches\modules-2\files-2.1\org.jetbrains.kotlin\kotlin-stdlib-jdk8\1.9.0\e000bd084353d84c9e888f6fb341dc1f5b79d948\kotlin-stdlib-jdk8-1.9.0.jar;C:\Users\filip\.gradle\caches\modules-2\files-2.1\org.jetbrains.kotlin\kotlin-stdlib-jdk7\1.9.0\f320478990d05e0cfaadd74f9619fd6027adbf37\kotlin-stdlib-jdk7-1.9.0.jar;C:\Users\filip\.gradle\caches\modules-2\files-2.1\org.jetbrains.kotlin\kotlin-stdlib\1.9.0\8ee15ef0c67dc83d874f412d84378d7f0eb50b63\kotlin-stdlib-1.9.0.jar;C:\Users\filip\.gradle\caches\modules-2\files-2.1\io.github.spair\imgui-java-lwjgl3\1.89.0\ecaa154c833084700e8acb1c3a10c68761095516\imgui-java-lwjgl3-1.89.0.jar;C:\Users\filip\.gradle\caches\modules-2\files-2.1\org.lwjgl\lwjgl-assimp\3.4.0-SNAPSHOT\a44d2d330508b537681aac02e8366d5cfc1d0a68\lwjgl-assimp-3.4.0-SNAPSHOT.jar;C:\Users\filip\.gradle\caches\modules-2\files-2.1\org.lwjgl\lwjgl-assimp\3.4.0-SNAPSHOT\353e6061cd42af2cf0830e921cc23f764eed7fb3\lwjgl-assimp-3.4.0-SNAPSHOT-natives-windows.jar;C:\Users\filip\.gradle\caches\modules-2\files-2.1\org.lwjgl\lwjgl-glfw\3.4.0-SNAPSHOT\b61dc872ad790586e879ee2612e836530f7ebf00\lwjgl-glfw-3.4.0-SNAPSHOT.jar;C:\Users\filip\.gradle\caches\modules-2\files-2.1\org.lwjgl\lwjgl-glfw\3.4.0-SNAPSHOT\3e31f4e711c563b6bd7dfde071a9c40e7e9946c5\lwjgl-glfw-3.4.0-SNAPSHOT-natives-windows.jar;C:\Users\filip\.gradle\caches\modules-2\files-2.1\org.lwjgl\lwjgl-openal\3.4.0-SNAPSHOT\f25a299caee4782892dda90157522a28b5f88e6b\lwjgl-openal-3.4.0-SNAPSHOT.jar;C:\Users\filip\.gradle\caches\modules-2\files-2.1\org.lwjgl\lwjgl-openal\3.4.0-SNAPSHOT\c6e6521ddfd00a4b7d752903e6b96e2c79eb7d91\lwjgl-openal-3.4.0-SNAPSHOT-natives-windows.jar;C:\Users\filip\.gradle\caches\modules-2\files-2.1\org.lwjgl\lwjgl-shaderc\3.4.0-SNAPSHOT\c9344e23bd1cf445a5a98aeee16538b691759dcd\lwjgl-shaderc-3.4.0-SNAPSHOT.jar;C:\Users\filip\.gradle\caches\modules-2\files-2.1\org.lwjgl\lwjgl-shaderc\3.4.0-SNAPSHOT\898edd7d04b51b07d46a11e70225326d156ba450\lwjgl-shaderc-3.4.0-SNAPSHOT-natives-windows.jar;C:\Users\filip\.gradle\caches\modules-2\files-2.1\org.lwjgl\lwjgl-stb\3.4.0-SNAPSHOT\813ecaa3147c12f6eb02f95f9a906a9b43c05101\lwjgl-stb-3.4.0-SNAPSHOT.jar;C:\Users\filip\.gradle\caches\modules-2\files-2.1\org.lwjgl\lwjgl-stb\3.4.0-SNAPSHOT\19222be1c063b47b286721a16be1dcc23cf5abe8\lwjgl-stb-3.4.0-SNAPSHOT-natives-windows.jar;C:\Users\filip\.gradle\caches\modules-2\files-2.1\org.lwjgl\lwjgl-vma\3.4.0-SNAPSHOT\41f9b20c08061270fb3dc4f7c1416fbfe43b7f0d\lwjgl-vma-3.4.0-SNAPSHOT.jar;C:\Users\filip\.gradle\caches\modules-2\files-2.1\org.lwjgl\lwjgl-vma\3.4.0-SNAPSHOT\bc649ec1b437cfb2280d87525a6b4a081ead6874\lwjgl-vma-3.4.0-SNAPSHOT-natives-windows.jar;C:\Users\filip\.gradle\caches\modules-2\files-2.1\org.lwjgl\lwjgl-vulkan\3.4.0-SNAPSHOT\f4d9428f77eef35ccf48dff5d4db4fae9a47114a\lwjgl-vulkan-3.4.0-SNAPSHOT.jar;C:\Users\filip\.gradle\caches\modules-2\files-2.1\org.lwjgl\lwjgl-opengl\3.4.0-SNAPSHOT\ac8dce49260774917ba0b7a92ab50feb8613a3e2\lwjgl-opengl-3.4.0-SNAPSHOT.jar;C:\Users\filip\.gradle\caches\modules-2\files-2.1\org.lwjgl\lwjgl\3.4.0-SNAPSHOT\efcfc0196f0d4faca7f76e1c95519f942484a0b7\lwjgl-3.4.0-SNAPSHOT.jar;C:\Users\filip\.gradle\caches\modules-2\files-2.1\org.lwjgl\lwjgl\3.4.0-SNAPSHOT\1ec06db47aa1b8f7ac42dcd33d9bfdcb4a3c1fb\lwjgl-3.4.0-SNAPSHOT-natives-windows.jar;C:\Users\filip\.gradle\caches\modules-2\files-2.1\com.google.code.gson\gson\2.10.1\b3add478d4382b78ea20b1671390a858002feb6c\gson-2.10.1.jar;C:\Users\filip\.gradle\caches\modules-2\files-2.1\io.github.spair\imgui-java-natives-windows\1.89.0\ab04963b0235c54ffcd5ffe362acf08660d9f366\imgui-java-natives-windows-1.89.0.jar;C:\Users\filip\.gradle\caches\modules-2\files-2.1\io.github.spair\imgui-java-binding\1.89.0\97c691effb5cf18f918546df7e770cdee19a2fa2\imgui-java-binding-1.89.0.jar;C:\Users\filip\.gradle\caches\modules-2\files-2.1\org.tinylog\tinylog-impl\2.8.0-M1\3648e293ea6020592091578d3954ee380d122b90\tinylog-impl-2.8.0-M1.jar;C:\Users\filip\.gradle\caches\modules-2\files-2.1\org.tinylog\tinylog-api\2.8.0-M1\fef998bddc8d85b334d5cec8356c47aa324afb6f\tinylog-api-2.8.0-M1.jar;C:\Users\filip\.gradle\caches\modules-2\files-2.1\org.jetbrains.kotlin\kotlin-stdlib-common\1.9.0\cd65c21cfd1eec4d44ef09f9f52b6d9f8a720636\kotlin-stdlib-common-1.9.0.jar;C:\Users\filip\.gradle\caches\modules-2\files-2.1\org.jetbrains\annotations\13.0\919f0dfe192fb4e063e7dacadee7f8bb9a2672a9\annotations-13.0.jar
Launcher Type: SUN_STANDARD

[Global flags]
     intx CICompilerCount                          = 12                                        {product} {ergonomic}
     uint ConcGCThreads                            = 5                                         {product} {ergonomic}
     uint G1ConcRefinementThreads                  = 18                                        {product} {ergonomic}
   size_t G1HeapRegionSize                         = 4194304                                   {product} {ergonomic}
    uintx GCDrainStackTargetSize                   = 64                                        {product} {ergonomic}
   size_t InitialHeapSize                          = 536870912                                 {product} {ergonomic}
   size_t MarkStackSize                            = 4194304                                   {product} {ergonomic}
   size_t MaxHeapSize                              = 8568963072                                {product} {ergonomic}
   size_t MaxNewSize                               = 5138022400                                {product} {ergonomic}
   size_t MinHeapDeltaBytes                        = 4194304                                   {product} {ergonomic}
   size_t MinHeapSize                              = 8388608                                   {product} {ergonomic}
    uintx NonNMethodCodeHeapSize                   = 7602480                                {pd product} {ergonomic}
    uintx NonProfiledCodeHeapSize                  = 122027880                              {pd product} {ergonomic}
    uintx ProfiledCodeHeapSize                     = 122027880                              {pd product} {ergonomic}
    uintx ReservedCodeCacheSize                    = 251658240                              {pd product} {ergonomic}
     bool SegmentedCodeCache                       = true                                      {product} {ergonomic}
   size_t SoftMaxHeapSize                          = 8568963072                             {manageable} {ergonomic}
     bool UseCompressedOops                        = true                           {product lp64_product} {ergonomic}
     bool UseG1GC                                  = true                                      {product} {ergonomic}
     bool UseLargePagesIndividualAllocation        = false                                  {pd product} {ergonomic}

Logging:
Log output configuration:
 #0: stdout all=warning uptime,level,tags foldmultilines=false
 #1: stderr all=off uptime,level,tags foldmultilines=false

Environment Variables:
JAVA_HOME=C:\Program Files\Amazon Corretto\jdk21.0.6_7
PATH=C:\Users\filip\bin;C:\Program Files\Git\mingw64\bin;C:\Program Files\Git\usr\local\bin;C:\Program Files\Git\usr\bin;C:\Program Files\Git\usr\bin;C:\Program Files\Git\mingw64\bin;C:\Program Files\Git\usr\bin;C:\Users\filip\bin;C:\Users\filip\anaconda3;C:\Users\filip\anaconda3\Library\mingw-w64\bin;C:\Users\filip\anaconda3\Library\usr\bin;C:\Users\filip\anaconda3\Library\bin;C:\Users\filip\anaconda3\Scripts;C:\Users\filip\anaconda3\bin;C:\Users\filip\anaconda3\condabin;C:\Program Files\NVIDIA GPU Computing Toolkit\CUDA\v12.9\bin;C:\Program Files\NVIDIA GPU Computing Toolkit\CUDA\v12.9\libnvvp;C:\Program Files\Amazon Corretto\jdk21.0.6_7\bin;C:\Program Files (x86)\VMware\VMware Workstation\bin;C:\VulkanSDK\1.3.243.0\Bin;C:\Program Files\ImageMagick-7.1.1-Q16-HDRI;C:\Program Files\Amazon Corretto\jdk18.0.2_9\bin;C:\Program Files\Amazon Corretto\jdk1.8.0_342\bin;C:\Program Files\Oculus\Support\oculus-runtime;C:\Windows\system32;C:\Windows;C:\Windows\System32\Wbem;C:\Windows\System32\WindowsPowerShell\v1.0;C:\Windows\System32\OpenSSH;C:\Program Files\dotnet;C:\Program Files\Go\bin;C:\Program Files\NVIDIA GPU Computing Toolkit\zlib123dllx64\dll_x64;C:\Program Files\NVIDIA GPU Computing Toolkit\CUDNN\v8.7.0.84\bin;C:\Program Files\Graphviz\bin;C:\Program Files\NVIDIA Corporation\Nsight Compute 2021.1.0;C:\Program Files\Pandoc;C:\Program Files\LLVM\bin;C:\Users\filip\Downloads\COLMAP-3.9.1-windows-cuda;C:\Program Files\Docker\Docker\resources\bin;C:\WINDOWS\system32;C:\WINDOWS;C:\WINDOWS\System32\Wbem;C:\WINDOWS\System32\WindowsPowerShell\v1.0;C:\WINDOWS\System32\OpenSSH;C:\Program Files\Git\cmd;C:\Program Files (x86)\Windows Kits\10\Windows Performance Toolkit;C:\Program Files (x86)\Incredibuild;C:\Program Files\Microsoft Visual Studio\2022\Community\Common7\IDE\CommonExtensions\Microsoft\CMake\CMake\bin;C:\Users\filip\AppData\Roaming\nvm;C:\Program Files\nodejs;C:\Users\filip\.local\bin;C:\Users\filip\AppData\Local\Android\Sdk\platform-tools;.;C:\Program Files\NVIDIA Corporation\NVIDIA App\NvDLISR;C:\Program Files (x86)\NVIDIA Corporation\PhysX\Common;C:\Program Files\NVIDIA Corporation\Nsight Compute 2025.2.1;C:\Users\filip\AppData\Local\pnpm;C:\Users\filip\AppData\Roaming\Python\Python39\Scripts;C:\Users\filip\bin\Sencha\Cmd;C:\Users\filip\AppData\Local\Microsoft\WindowsApps;C:\Users\filip\AppData\Local\Programs\Microsoft VS Code\bin;C:\Users\filip\AppData\Local\JetBrains\Toolbox\scripts;C:\Users\filip\go\bin;C:\Users\filip\Desktop\Workspaces\IdeaProjects\scala-torch\swigwin-4.1.1;C:\Users\filip\Desktop\Workspaces\IdeaProjects\scala-torch\libtorch;C:\Users\filip\anaconda3\Scripts;C:\Users\filip\Downloads\COLMAP-3.7-windows-cuda\bin;C:\Users\filip\Downloads\COLMAP-3.7-windows-cuda\lib;C:\Users\filip\Downloads\libtorch-win-shared-with-deps-2.1.1+cu118\libtorch\bin;C:\Users\filip\.dotnet\tools;C:\Users\filip\AppData\Local\Google\Cloud SDK\google-cloud-sdk\bin;C:\Users\filip\.lmstudio\bin;%USERPROFILE%\AppData\Local\Microsoft\WindowsApps;C:\Program Files\Git\usr\bin\vendor_perl;C:\Program Files\Git\usr\bin\core_perl
USERNAME=filip
SHELL=C:\Program Files\Git\usr\bin\bash.exe
DISPLAY=needs-to-be-defined
LANG=it_IT.UTF-8
TERM=xterm-256color
TMPDIR=C:\Users\filip\AppData\Local\Temp
OS=Windows_NT
PROCESSOR_IDENTIFIER=AMD64 Family 25 Model 33 Stepping 0, AuthenticAMD
TMP=C:\Users\filip\AppData\Local\Temp
TEMP=C:\Users\filip\AppData\Local\Temp




Periodic native trim disabled

---------------  S Y S T E M  ---------------

OS:
 Windows 11 , 64 bit Build 26100 (10.0.26100.4484)
OS uptime: 0 days 5:16 hours
Hyper-V role detected

CPU: total 24 (initial active 24) (24 cores per cpu, 2 threads per core) family 25 model 33 stepping 0 microcode 0xa201016, cx8, cmov, fxsr, ht, mmx, 3dnowpref, sse, sse2, sse3, ssse3, sse4a, sse4.1, sse4.2, popcnt, lzcnt, tsc, tscinvbit, avx, avx2, aes, erms, clmul, bmi1, bmi2, adx, sha, fma, vzeroupper, clflush, clflushopt, hv, rdtscp, rdpid, fsrm, f16c, cet_ss
Processor Information for the first 24 processors :
  Max Mhz: 3701, Current Mhz: 3701, Mhz Limit: 3701

Memory: 4k page, system-wide physical 32678M (5350M free)
TotalPageFile size 47014M (AvailPageFile size 9084M)
current process WorkingSet (physical memory assigned to process): 728M, peak: 728M
current process commit charge ("private bytes"): 1767M, peak: 1768M

vm_info: OpenJDK 64-Bit Server VM (21.0.6+7-LTS) for windows-amd64 JRE (21.0.6+7-LTS), built on 2025-01-07T23:42:01Z by "Administrator" with MS VC++ 16.10 / 16.11 (VS2019)

END.
